{"C:\\Users\\zlebriq\\Documents\\nodejs\\books\\api\\tests\\book.js":{"path":"C:\\Users\\zlebriq\\Documents\\nodejs\\books\\api\\tests\\book.js","statementMap":{"0":{"start":{"line":3,"column":29},"end":{"line":3,"column":84}},"1":{"start":{"line":5,"column":12},"end":{"line":5,"column":51}},"2":{"start":{"line":7,"column":16},"end":{"line":7,"column":60}},"3":{"start":{"line":9,"column":0},"end":{"line":9,"column":32}},"4":{"start":{"line":11,"column":13},"end":{"line":11,"column":56}},"5":{"start":{"line":13,"column":0},"end":{"line":13,"column":43}},"6":{"start":{"line":15,"column":13},"end":{"line":15,"column":36}},"7":{"start":{"line":16,"column":0},"end":{"line":31,"column":3}},"8":{"start":{"line":17,"column":2},"end":{"line":30,"column":5}},"9":{"start":{"line":18,"column":17},"end":{"line":18,"column":18}},"10":{"start":{"line":19,"column":15},"end":{"line":23,"column":5}},"11":{"start":{"line":25,"column":4},"end":{"line":29,"column":7}},"12":{"start":{"line":26,"column":6},"end":{"line":26,"column":40}},"13":{"start":{"line":27,"column":6},"end":{"line":27,"column":40}},"14":{"start":{"line":28,"column":6},"end":{"line":28,"column":13}}},"fnMap":{"0":{"name":"(anonymous_0)","decl":{"start":{"line":16,"column":40},"end":{"line":16,"column":41}},"loc":{"start":{"line":16,"column":52},"end":{"line":31,"column":1}},"line":16},"1":{"name":"(anonymous_1)","decl":{"start":{"line":17,"column":48},"end":{"line":17,"column":49}},"loc":{"start":{"line":17,"column":64},"end":{"line":30,"column":3}},"line":17},"2":{"name":"(anonymous_2)","decl":{"start":{"line":25,"column":144},"end":{"line":25,"column":145}},"loc":{"start":{"line":25,"column":164},"end":{"line":29,"column":5}},"line":25}},"branchMap":{},"s":{"0":1,"1":1,"2":1,"3":1,"4":1,"5":1,"6":1,"7":1,"8":1,"9":1,"10":1,"11":1,"12":0,"13":0,"14":0},"f":{"0":1,"1":1,"2":0},"b":{},"inputSourceMap":{"version":3,"sources":["book.js"],"names":["chai","use","chaiHttp","expect","describe","it","done","bookId","book","request","app","get","set","end","err","res","status","to","equals","body","include"],"mappings":";;;;AAAA;;AACA;;AACA;;AACA;;AAEAA,iBAAKC,GAAL,CAASC,oBAAT;;IACQC,M,GAAWH,gB,CAAXG,M;AAERC,QAAQ,CAAC,6BAAD,EAAgC,YAAK;AACzCC,EAAAA,EAAE,CAAC,yCAAD,EAA4C,UAACC,IAAD,EAAW;AACrD,QAAMC,MAAM,GAAE,CAAd;AACA,QAAMC,IAAI,GAAE;AACR,YAAM,CADE;AAER,eAAS,UAFD;AAGR,mBAAa;AAHL,KAAZ;;AAKAR,qBAAKS,OAAL,CAAaC,iBAAb,EACKC,GADL,8CAC+CJ,MAD/C,GAEKK,GAFL,CAES,QAFT,EAEkB,kBAFlB,EAGKC,GAHL,CAGS,UAACC,GAAD,EAAKC,GAAL,EAAY;AACbZ,MAAAA,MAAM,CAACY,GAAG,CAACC,MAAL,CAAN,CAAmBC,EAAnB,CAAsBC,MAAtB,CAA6B,GAA7B;AACAf,MAAAA,MAAM,CAACY,GAAG,CAACI,IAAL,CAAN,CAAiBF,EAAjB,CAAoBG,OAApB,CAA4BZ,IAA5B;AACAF,MAAAA,IAAI;AACP,KAPL;AAQH,GAfC,CAAF;AAgBH,CAjBO,CAAR","sourceRoot":"C:\\Users\\zlebriq\\Documents\\nodejs\\books\\api\\tests\\","sourcesContent":["import chai from \"chai\"\r\nimport chaiHttp from \"chai-http\"\r\nimport  'chai/register-should'\r\nimport app from \"../index\"\r\n\r\nchai.use(chaiHttp)\r\nconst { expect } = chai\r\n\r\ndescribe('testing the book endpoints:', () =>{\r\n    it('It should get a particular book with id', (done)  => {\r\n        const bookId =1\r\n        const book ={\r\n            \"id\": 1,\r\n            \"title\": \"toDelete\",\r\n            \"author_id\": 1\r\n        }\r\n        chai.request(app)\r\n            .get(`/library/api/v1/books/one/by/id?id=${bookId}`)\r\n            .set(\"accept\",\"application/json\")\r\n            .end((err,res) =>{\r\n                expect(res.status).to.equals(200)\r\n                expect(res.body).to.include(book)\r\n                done()\r\n            })\r\n    })\r\n})"]},"_coverageSchema":"1a1c01bbd47fc00a2c39e90264f33305004495a9","hash":"1ae1bf7cccbc794a19dd1ad1bc7d7daecbd0b0e8","contentHash":"d14c4916dbafe01501e7bafd41e1d13744383fc6a5db47e8f3d1af7586254aa8"},"C:\\Users\\zlebriq\\Documents\\nodejs\\books\\api\\index.js":{"path":"C:\\Users\\zlebriq\\Documents\\nodejs\\books\\api\\index.js","statementMap":{"0":{"start":{"line":3,"column":29},"end":{"line":3,"column":84}},"1":{"start":{"line":5,"column":15},"end":{"line":5,"column":57}},"2":{"start":{"line":7,"column":12},"end":{"line":7,"column":60}},"3":{"start":{"line":9,"column":14},"end":{"line":9,"column":64}},"4":{"start":{"line":11,"column":13},"end":{"line":11,"column":62}},"5":{"start":{"line":13,"column":12},"end":{"line":13,"column":51}},"6":{"start":{"line":15,"column":10},"end":{"line":15,"column":36}},"7":{"start":{"line":16,"column":11},"end":{"line":16,"column":17}},"8":{"start":{"line":18,"column":0},"end":{"line":22,"column":3}},"9":{"start":{"line":21,"column":2},"end":{"line":21,"column":40}},"10":{"start":{"line":24,"column":0},"end":{"line":24,"column":33}},"11":{"start":{"line":25,"column":0},"end":{"line":25,"column":51}},"12":{"start":{"line":26,"column":0},"end":{"line":26,"column":55}},"13":{"start":{"line":27,"column":0},"end":{"line":29,"column":3}},"14":{"start":{"line":28,"column":2},"end":{"line":28,"column":58}}},"fnMap":{"0":{"name":"(anonymous_0)","decl":{"start":{"line":20,"column":8},"end":{"line":20,"column":9}},"loc":{"start":{"line":20,"column":20},"end":{"line":22,"column":1}},"line":20},"1":{"name":"(anonymous_1)","decl":{"start":{"line":27,"column":17},"end":{"line":27,"column":18}},"loc":{"start":{"line":27,"column":29},"end":{"line":29,"column":1}},"line":27}},"branchMap":{},"s":{"0":1,"1":1,"2":1,"3":1,"4":1,"5":1,"6":1,"7":1,"8":1,"9":0,"10":1,"11":1,"12":1,"13":1,"14":1},"f":{"0":0,"1":1},"b":{},"inputSourceMap":{"version":3,"sources":["index.js"],"names":["app","port","db","sequelize","sync","force","then","console","log","use","bookRoutes","authorRoutes","listen"],"mappings":";;;;AAAA;;AACA;;AACA;;AACA;;AAEA;;AACA,IAAMA,GAAG,GAAG,0BAAZ;AACA,IAAMC,IAAI,GAAG,MAAb;;AAGAC,kBAAGC,SAAH,CAAaC,IAAb,CAAkB;AAACC,EAAAA,KAAK,EAAI;AAAV,CAAlB,EAAqCC,IAArC,CAA0C,YAAM;AACxCC,EAAAA,OAAO,CAACC,GAAR,CAAY,wBAAZ;AACP,CAFD;;AAIAR,GAAG,CAACS,GAAJ,CAAQ,uBAAR;AAEAT,GAAG,CAACS,GAAJ,CAAQ,uBAAR,EAAgCC,gBAAhC;AACAV,GAAG,CAACS,GAAJ,CAAQ,yBAAR,EAAkCE,kBAAlC;AAEAX,GAAG,CAACY,MAAJ,CAAWX,IAAX,EAAiB,YAAM;AACfM,EAAAA,OAAO,CAACC,GAAR,CAAY,0CAAZ;AACP,CAFD","sourceRoot":"C:\\Users\\zlebriq\\Documents\\nodejs\\books\\api\\","sourcesContent":["import express from \"express\"\r\nimport bookRoutes from  \"./routes/book\"\r\nimport authorRoutes from  \"./routes/author\"\r\nimport db from \"./models/index\"\r\n\r\nimport cors from \"cors\"\r\nconst app = express()\r\nconst port = \"3000\"\r\n\r\n\r\ndb.sequelize.sync({force :  false }).then(() => {\r\n        console.log(\"database has been sync\")\r\n})\r\n\r\napp.use(cors())\r\n\r\napp.use(\"/library/api/v1/books\",bookRoutes)\r\napp.use(\"/library/api/v1/authors\",authorRoutes)\r\n\r\napp.listen(port, () => {\r\n        console.log(\"My node js serve is running at port 3000\")\r\n})"]},"_coverageSchema":"1a1c01bbd47fc00a2c39e90264f33305004495a9","hash":"a58b0697a511d6b81fbd862ba8d988fd1fd38a47","contentHash":"cd32acd62f00f6f6fb1ee52e3045bb30ed361d9ed3dfb1a30377ff396781c3ed"},"C:\\Users\\zlebriq\\Documents\\nodejs\\books\\api\\routes\\book.js":{"path":"C:\\Users\\zlebriq\\Documents\\nodejs\\books\\api\\routes\\book.js","statementMap":{"0":{"start":{"line":3,"column":29},"end":{"line":3,"column":84}},"1":{"start":{"line":5,"column":0},"end":{"line":7,"column":3}},"2":{"start":{"line":8,"column":0},"end":{"line":8,"column":28}},"3":{"start":{"line":10,"column":15},"end":{"line":10,"column":33}},"4":{"start":{"line":12,"column":12},"end":{"line":12,"column":66}},"5":{"start":{"line":14,"column":18},"end":{"line":14,"column":64}},"6":{"start":{"line":16,"column":13},"end":{"line":16,"column":35}},"7":{"start":{"line":18,"column":17},"end":{"line":18,"column":46}},"8":{"start":{"line":20,"column":0},"end":{"line":20,"column":43}},"9":{"start":{"line":21,"column":0},"end":{"line":21,"column":52}},"10":{"start":{"line":22,"column":0},"end":{"line":22,"column":58}},"11":{"start":{"line":23,"column":0},"end":{"line":23,"column":46}},"12":{"start":{"line":24,"column":0},"end":{"line":24,"column":63}},"13":{"start":{"line":25,"column":0},"end":{"line":25,"column":57}},"14":{"start":{"line":26,"column":15},"end":{"line":26,"column":21}},"15":{"start":{"line":27,"column":0},"end":{"line":27,"column":30}}},"fnMap":{},"branchMap":{},"s":{"0":1,"1":1,"2":1,"3":1,"4":1,"5":1,"6":1,"7":1,"8":1,"9":1,"10":1,"11":1,"12":1,"13":1,"14":1,"15":1},"f":{},"b":{},"inputSourceMap":{"version":3,"sources":["book.js"],"names":["router","jsonParser","bodyParser","json","get","bookController","books","bookById","bookByTitle","post","addBook","put","updateBook","deleteBook"],"mappings":";;;;;;;;;AAAA;;AACA;;AACA;;AAEA,IAAMA,MAAM,GAAG,sBAAf;;AACA,IAAMC,UAAU,GAAGC,uBAAWC,IAAX,EAAnB;;AAEAH,MAAM,CAACI,GAAP,CAAW,MAAX,EAAmBC,iBAAeC,KAAlC;AACAN,MAAM,CAACI,GAAP,CAAW,YAAX,EAAyBC,iBAAeE,QAAxC;AACAP,MAAM,CAACI,GAAP,CAAW,eAAX,EAA4BC,iBAAeG,WAA3C;AACAR,MAAM,CAACS,IAAP,CAAY,MAAZ,EAAoBJ,iBAAeK,OAAnC;AACAV,MAAM,CAACW,GAAP,CAAW,SAAX,EAAsBV,UAAtB,EAAkCI,iBAAeO,UAAjD;AACAZ,MAAM,UAAN,CAAc,SAAd,EAAyBK,iBAAeQ,UAAxC;eAEeb,M","sourceRoot":"C:\\Users\\zlebriq\\Documents\\nodejs\\books\\api\\routes\\","sourcesContent":["import {Router} from \"express\"\r\nimport bookController from \"../controllers/book\"\r\nimport bodyParser from \"body-parser\"\r\n\r\nconst router = Router()\r\nconst jsonParser = bodyParser.json()\r\n\r\nrouter.get(\"/all\", bookController.books)\r\nrouter.get(\"/one/by/id\", bookController.bookById)\r\nrouter.get(\"/one/by/title\", bookController.bookByTitle)\r\nrouter.post(\"/add\", bookController.addBook)\r\nrouter.put(\"/update\", jsonParser, bookController.updateBook)\r\nrouter.delete(\"/delete\", bookController.deleteBook)\r\n\r\nexport default router"]},"_coverageSchema":"1a1c01bbd47fc00a2c39e90264f33305004495a9","hash":"4d786f5f5875a27da8cd709a618c4149d05d9415","contentHash":"b4f937ccdfa268592952033fe51ff4fef0ed6d644544b2afa0e4544f491e3e3d"},"C:\\Users\\zlebriq\\Documents\\nodejs\\books\\api\\controllers\\book.js":{"path":"C:\\Users\\zlebriq\\Documents\\nodejs\\books\\api\\controllers\\book.js","statementMap":{"0":{"start":{"line":3,"column":29},"end":{"line":3,"column":84}},"1":{"start":{"line":5,"column":0},"end":{"line":7,"column":3}},"2":{"start":{"line":8,"column":0},"end":{"line":8,"column":28}},"3":{"start":{"line":10,"column":19},"end":{"line":10,"column":80}},"4":{"start":{"line":12,"column":25},"end":{"line":12,"column":99}},"5":{"start":{"line":14,"column":23},"end":{"line":14,"column":95}},"6":{"start":{"line":16,"column":20},"end":{"line":16,"column":89}},"7":{"start":{"line":18,"column":12},"end":{"line":18,"column":63}},"8":{"start":{"line":20,"column":28},"end":{"line":294,"column":3}},"9":{"start":{"line":22,"column":4},"end":{"line":22,"column":53}},"10":{"start":{"line":25,"column":2},"end":{"line":292,"column":6}},"11":{"start":{"line":28,"column":19},"end":{"line":55,"column":9}},"12":{"start":{"line":30,"column":8},"end":{"line":54,"column":36}},"13":{"start":{"line":31,"column":10},"end":{"line":53,"column":11}},"14":{"start":{"line":32,"column":12},"end":{"line":52,"column":13}},"15":{"start":{"line":34,"column":16},"end":{"line":34,"column":34}},"16":{"start":{"line":35,"column":16},"end":{"line":35,"column":34}},"17":{"start":{"line":36,"column":16},"end":{"line":36,"column":48}},"18":{"start":{"line":39,"column":16},"end":{"line":39,"column":41}},"19":{"start":{"line":40,"column":16},"end":{"line":40,"column":47}},"20":{"start":{"line":41,"column":16},"end":{"line":41,"column":35}},"21":{"start":{"line":42,"column":16},"end":{"line":42,"column":22}},"22":{"start":{"line":45,"column":16},"end":{"line":45,"column":34}},"23":{"start":{"line":46,"column":16},"end":{"line":46,"column":51}},"24":{"start":{"line":47,"column":16},"end":{"line":47,"column":50}},"25":{"start":{"line":51,"column":16},"end":{"line":51,"column":39}},"26":{"start":{"line":58,"column":8},"end":{"line":58,"column":45}},"27":{"start":{"line":61,"column":6},"end":{"line":61,"column":19}},"28":{"start":{"line":66,"column":22},"end":{"line":94,"column":9}},"29":{"start":{"line":68,"column":8},"end":{"line":93,"column":37}},"30":{"start":{"line":69,"column":10},"end":{"line":92,"column":11}},"31":{"start":{"line":70,"column":12},"end":{"line":91,"column":13}},"32":{"start":{"line":72,"column":16},"end":{"line":72,"column":35}},"33":{"start":{"line":73,"column":16},"end":{"line":73,"column":34}},"34":{"start":{"line":74,"column":16},"end":{"line":74,"column":35}},"35":{"start":{"line":75,"column":16},"end":{"line":75,"column":53}},"36":{"start":{"line":78,"column":16},"end":{"line":78,"column":38}},"37":{"start":{"line":79,"column":16},"end":{"line":79,"column":43}},"38":{"start":{"line":80,"column":16},"end":{"line":80,"column":36}},"39":{"start":{"line":81,"column":16},"end":{"line":81,"column":22}},"40":{"start":{"line":84,"column":16},"end":{"line":84,"column":35}},"41":{"start":{"line":85,"column":16},"end":{"line":85,"column":53}},"42":{"start":{"line":86,"column":16},"end":{"line":86,"column":51}},"43":{"start":{"line":90,"column":16},"end":{"line":90,"column":40}},"44":{"start":{"line":97,"column":8},"end":{"line":97,"column":48}},"45":{"start":{"line":100,"column":6},"end":{"line":100,"column":22}},"46":{"start":{"line":105,"column":25},"end":{"line":133,"column":9}},"47":{"start":{"line":107,"column":8},"end":{"line":132,"column":37}},"48":{"start":{"line":108,"column":10},"end":{"line":131,"column":11}},"49":{"start":{"line":109,"column":12},"end":{"line":130,"column":13}},"50":{"start":{"line":111,"column":16},"end":{"line":111,"column":35}},"51":{"start":{"line":112,"column":16},"end":{"line":112,"column":40}},"52":{"start":{"line":113,"column":16},"end":{"line":113,"column":35}},"53":{"start":{"line":114,"column":16},"end":{"line":114,"column":58}},"54":{"start":{"line":117,"column":16},"end":{"line":117,"column":38}},"55":{"start":{"line":118,"column":16},"end":{"line":118,"column":43}},"56":{"start":{"line":119,"column":16},"end":{"line":119,"column":36}},"57":{"start":{"line":120,"column":16},"end":{"line":120,"column":22}},"58":{"start":{"line":123,"column":16},"end":{"line":123,"column":35}},"59":{"start":{"line":124,"column":16},"end":{"line":124,"column":53}},"60":{"start":{"line":125,"column":16},"end":{"line":125,"column":51}},"61":{"start":{"line":129,"column":16},"end":{"line":129,"column":40}},"62":{"start":{"line":136,"column":8},"end":{"line":136,"column":51}},"63":{"start":{"line":139,"column":6},"end":{"line":139,"column":25}},"64":{"start":{"line":144,"column":21},"end":{"line":199,"column":9}},"65":{"start":{"line":146,"column":8},"end":{"line":198,"column":38}},"66":{"start":{"line":147,"column":10},"end":{"line":197,"column":11}},"67":{"start":{"line":148,"column":12},"end":{"line":196,"column":13}},"68":{"start":{"line":150,"column":16},"end":{"line":150,"column":35}},"69":{"start":{"line":152,"column":16},"end":{"line":155,"column":17}},"70":{"start":{"line":153,"column":18},"end":{"line":153,"column":37}},"71":{"start":{"line":154,"column":18},"end":{"line":154,"column":24}},"72":{"start":{"line":157,"column":16},"end":{"line":159,"column":19}},"73":{"start":{"line":160,"column":16},"end":{"line":160,"column":50}},"74":{"start":{"line":163,"column":16},"end":{"line":166,"column":17}},"75":{"start":{"line":164,"column":18},"end":{"line":164,"column":37}},"76":{"start":{"line":165,"column":18},"end":{"line":165,"column":24}},"77":{"start":{"line":168,"column":16},"end":{"line":170,"column":19}},"78":{"start":{"line":171,"column":16},"end":{"line":171,"column":50}},"79":{"start":{"line":174,"column":16},"end":{"line":174,"column":40}},"80":{"start":{"line":175,"column":16},"end":{"line":175,"column":41}},"81":{"start":{"line":176,"column":16},"end":{"line":176,"column":39}},"82":{"start":{"line":177,"column":16},"end":{"line":177,"column":39}},"83":{"start":{"line":178,"column":16},"end":{"line":178,"column":50}},"84":{"start":{"line":179,"column":16},"end":{"line":179,"column":36}},"85":{"start":{"line":180,"column":16},"end":{"line":180,"column":98}},"86":{"start":{"line":183,"column":16},"end":{"line":183,"column":66}},"87":{"start":{"line":184,"column":16},"end":{"line":184,"column":36}},"88":{"start":{"line":185,"column":16},"end":{"line":185,"column":22}},"89":{"start":{"line":188,"column":16},"end":{"line":188,"column":36}},"90":{"start":{"line":189,"column":16},"end":{"line":189,"column":53}},"91":{"start":{"line":190,"column":16},"end":{"line":190,"column":42}},"92":{"start":{"line":191,"column":16},"end":{"line":191,"column":51}},"93":{"start":{"line":195,"column":16},"end":{"line":195,"column":40}},"94":{"start":{"line":202,"column":8},"end":{"line":202,"column":47}},"95":{"start":{"line":205,"column":6},"end":{"line":205,"column":21}},"96":{"start":{"line":210,"column":24},"end":{"line":244,"column":9}},"97":{"start":{"line":212,"column":8},"end":{"line":243,"column":38}},"98":{"start":{"line":213,"column":10},"end":{"line":242,"column":11}},"99":{"start":{"line":214,"column":12},"end":{"line":241,"column":13}},"100":{"start":{"line":216,"column":16},"end":{"line":216,"column":35}},"101":{"start":{"line":217,"column":16},"end":{"line":217,"column":34}},"102":{"start":{"line":218,"column":16},"end":{"line":218,"column":32}},"103":{"start":{"line":219,"column":16},"end":{"line":219,"column":32}},"104":{"start":{"line":220,"column":16},"end":{"line":220,"column":34}},"105":{"start":{"line":221,"column":16},"end":{"line":221,"column":35}},"106":{"start":{"line":222,"column":16},"end":{"line":222,"column":61}},"107":{"start":{"line":225,"column":16},"end":{"line":227,"column":19}},"108":{"start":{"line":228,"column":16},"end":{"line":228,"column":36}},"109":{"start":{"line":229,"column":16},"end":{"line":229,"column":22}},"110":{"start":{"line":232,"column":16},"end":{"line":232,"column":36}},"111":{"start":{"line":233,"column":16},"end":{"line":233,"column":53}},"112":{"start":{"line":234,"column":16},"end":{"line":236,"column":19}},"113":{"start":{"line":240,"column":16},"end":{"line":240,"column":40}},"114":{"start":{"line":247,"column":8},"end":{"line":247,"column":50}},"115":{"start":{"line":250,"column":6},"end":{"line":250,"column":24}},"116":{"start":{"line":255,"column":24},"end":{"line":284,"column":9}},"117":{"start":{"line":257,"column":8},"end":{"line":283,"column":37}},"118":{"start":{"line":258,"column":10},"end":{"line":282,"column":11}},"119":{"start":{"line":259,"column":12},"end":{"line":281,"column":13}},"120":{"start":{"line":261,"column":16},"end":{"line":261,"column":35}},"121":{"start":{"line":262,"column":16},"end":{"line":262,"column":34}},"122":{"start":{"line":263,"column":16},"end":{"line":263,"column":35}},"123":{"start":{"line":264,"column":16},"end":{"line":264,"column":55}},"124":{"start":{"line":267,"column":16},"end":{"line":267,"column":39}},"125":{"start":{"line":268,"column":16},"end":{"line":268,"column":36}},"126":{"start":{"line":269,"column":16},"end":{"line":269,"column":22}},"127":{"start":{"line":272,"column":16},"end":{"line":272,"column":35}},"128":{"start":{"line":273,"column":16},"end":{"line":273,"column":53}},"129":{"start":{"line":274,"column":16},"end":{"line":276,"column":19}},"130":{"start":{"line":280,"column":16},"end":{"line":280,"column":40}},"131":{"start":{"line":287,"column":8},"end":{"line":287,"column":50}},"132":{"start":{"line":290,"column":6},"end":{"line":290,"column":24}},"133":{"start":{"line":293,"column":2},"end":{"line":293,"column":18}},"134":{"start":{"line":296,"column":0},"end":{"line":296,"column":30}}},"fnMap":{"0":{"name":"(anonymous_0)","decl":{"start":{"line":20,"column":28},"end":{"line":20,"column":29}},"loc":{"start":{"line":20,"column":40},"end":{"line":294,"column":1}},"line":20},"1":{"name":"_default","decl":{"start":{"line":21,"column":11},"end":{"line":21,"column":19}},"loc":{"start":{"line":21,"column":22},"end":{"line":23,"column":3}},"line":21},"2":{"name":"(anonymous_2)","decl":{"start":{"line":27,"column":11},"end":{"line":27,"column":12}},"loc":{"start":{"line":27,"column":23},"end":{"line":62,"column":5}},"line":27},"3":{"name":"_callee","decl":{"start":{"line":28,"column":106},"end":{"line":28,"column":113}},"loc":{"start":{"line":28,"column":122},"end":{"line":55,"column":7}},"line":28},"4":{"name":"_callee$","decl":{"start":{"line":30,"column":53},"end":{"line":30,"column":61}},"loc":{"start":{"line":30,"column":72},"end":{"line":54,"column":9}},"line":30},"5":{"name":"books","decl":{"start":{"line":57,"column":15},"end":{"line":57,"column":20}},"loc":{"start":{"line":57,"column":30},"end":{"line":59,"column":7}},"line":57},"6":{"name":"(anonymous_6)","decl":{"start":{"line":65,"column":11},"end":{"line":65,"column":12}},"loc":{"start":{"line":65,"column":23},"end":{"line":101,"column":5}},"line":65},"7":{"name":"_callee2","decl":{"start":{"line":66,"column":109},"end":{"line":66,"column":117}},"loc":{"start":{"line":66,"column":128},"end":{"line":94,"column":7}},"line":66},"8":{"name":"_callee2$","decl":{"start":{"line":68,"column":53},"end":{"line":68,"column":62}},"loc":{"start":{"line":68,"column":74},"end":{"line":93,"column":9}},"line":68},"9":{"name":"bookById","decl":{"start":{"line":96,"column":15},"end":{"line":96,"column":23}},"loc":{"start":{"line":96,"column":34},"end":{"line":98,"column":7}},"line":96},"10":{"name":"(anonymous_10)","decl":{"start":{"line":104,"column":11},"end":{"line":104,"column":12}},"loc":{"start":{"line":104,"column":23},"end":{"line":140,"column":5}},"line":104},"11":{"name":"_callee3","decl":{"start":{"line":105,"column":112},"end":{"line":105,"column":120}},"loc":{"start":{"line":105,"column":131},"end":{"line":133,"column":7}},"line":105},"12":{"name":"_callee3$","decl":{"start":{"line":107,"column":53},"end":{"line":107,"column":62}},"loc":{"start":{"line":107,"column":74},"end":{"line":132,"column":9}},"line":107},"13":{"name":"bookByTitle","decl":{"start":{"line":135,"column":15},"end":{"line":135,"column":26}},"loc":{"start":{"line":135,"column":37},"end":{"line":137,"column":7}},"line":135},"14":{"name":"(anonymous_14)","decl":{"start":{"line":143,"column":11},"end":{"line":143,"column":12}},"loc":{"start":{"line":143,"column":23},"end":{"line":206,"column":5}},"line":143},"15":{"name":"_callee4","decl":{"start":{"line":144,"column":108},"end":{"line":144,"column":116}},"loc":{"start":{"line":144,"column":127},"end":{"line":199,"column":7}},"line":144},"16":{"name":"_callee4$","decl":{"start":{"line":146,"column":53},"end":{"line":146,"column":62}},"loc":{"start":{"line":146,"column":74},"end":{"line":198,"column":9}},"line":146},"17":{"name":"addBook","decl":{"start":{"line":201,"column":15},"end":{"line":201,"column":22}},"loc":{"start":{"line":201,"column":33},"end":{"line":203,"column":7}},"line":201},"18":{"name":"(anonymous_18)","decl":{"start":{"line":209,"column":11},"end":{"line":209,"column":12}},"loc":{"start":{"line":209,"column":23},"end":{"line":251,"column":5}},"line":209},"19":{"name":"_callee5","decl":{"start":{"line":210,"column":111},"end":{"line":210,"column":119}},"loc":{"start":{"line":210,"column":130},"end":{"line":244,"column":7}},"line":210},"20":{"name":"_callee5$","decl":{"start":{"line":212,"column":53},"end":{"line":212,"column":62}},"loc":{"start":{"line":212,"column":74},"end":{"line":243,"column":9}},"line":212},"21":{"name":"updateBook","decl":{"start":{"line":246,"column":15},"end":{"line":246,"column":25}},"loc":{"start":{"line":246,"column":37},"end":{"line":248,"column":7}},"line":246},"22":{"name":"(anonymous_22)","decl":{"start":{"line":254,"column":11},"end":{"line":254,"column":12}},"loc":{"start":{"line":254,"column":23},"end":{"line":291,"column":5}},"line":254},"23":{"name":"_callee6","decl":{"start":{"line":255,"column":111},"end":{"line":255,"column":119}},"loc":{"start":{"line":255,"column":130},"end":{"line":284,"column":7}},"line":255},"24":{"name":"_callee6$","decl":{"start":{"line":257,"column":53},"end":{"line":257,"column":62}},"loc":{"start":{"line":257,"column":74},"end":{"line":283,"column":9}},"line":257},"25":{"name":"deleteBook","decl":{"start":{"line":286,"column":15},"end":{"line":286,"column":25}},"loc":{"start":{"line":286,"column":38},"end":{"line":288,"column":7}},"line":286}},"branchMap":{"0":{"loc":{"start":{"line":32,"column":12},"end":{"line":52,"column":13}},"type":"switch","locations":[{"start":{"line":33,"column":14},"end":{"line":36,"column":48}},{"start":{"line":38,"column":14},"end":{"line":42,"column":22}},{"start":{"line":44,"column":14},"end":{"line":47,"column":50}},{"start":{"line":49,"column":14},"end":{"line":49,"column":22}},{"start":{"line":50,"column":14},"end":{"line":51,"column":39}}],"line":32},"1":{"loc":{"start":{"line":70,"column":12},"end":{"line":91,"column":13}},"type":"switch","locations":[{"start":{"line":71,"column":14},"end":{"line":75,"column":53}},{"start":{"line":77,"column":14},"end":{"line":81,"column":22}},{"start":{"line":83,"column":14},"end":{"line":86,"column":51}},{"start":{"line":88,"column":14},"end":{"line":88,"column":22}},{"start":{"line":89,"column":14},"end":{"line":90,"column":40}}],"line":70},"2":{"loc":{"start":{"line":109,"column":12},"end":{"line":130,"column":13}},"type":"switch","locations":[{"start":{"line":110,"column":14},"end":{"line":114,"column":58}},{"start":{"line":116,"column":14},"end":{"line":120,"column":22}},{"start":{"line":122,"column":14},"end":{"line":125,"column":51}},{"start":{"line":127,"column":14},"end":{"line":127,"column":22}},{"start":{"line":128,"column":14},"end":{"line":129,"column":40}}],"line":109},"3":{"loc":{"start":{"line":148,"column":12},"end":{"line":196,"column":13}},"type":"switch","locations":[{"start":{"line":149,"column":14},"end":{"line":160,"column":50}},{"start":{"line":162,"column":14},"end":{"line":171,"column":50}},{"start":{"line":173,"column":14},"end":{"line":180,"column":98}},{"start":{"line":182,"column":14},"end":{"line":185,"column":22}},{"start":{"line":187,"column":14},"end":{"line":191,"column":51}},{"start":{"line":193,"column":14},"end":{"line":193,"column":22}},{"start":{"line":194,"column":14},"end":{"line":195,"column":40}}],"line":148},"4":{"loc":{"start":{"line":152,"column":16},"end":{"line":155,"column":17}},"type":"if","locations":[{"start":{"line":152,"column":16},"end":{"line":155,"column":17}},{"start":{"line":152,"column":16},"end":{"line":155,"column":17}}],"line":152},"5":{"loc":{"start":{"line":163,"column":16},"end":{"line":166,"column":17}},"type":"if","locations":[{"start":{"line":163,"column":16},"end":{"line":166,"column":17}},{"start":{"line":163,"column":16},"end":{"line":166,"column":17}}],"line":163},"6":{"loc":{"start":{"line":214,"column":12},"end":{"line":241,"column":13}},"type":"switch","locations":[{"start":{"line":215,"column":14},"end":{"line":222,"column":61}},{"start":{"line":224,"column":14},"end":{"line":229,"column":22}},{"start":{"line":231,"column":14},"end":{"line":236,"column":19}},{"start":{"line":238,"column":14},"end":{"line":238,"column":22}},{"start":{"line":239,"column":14},"end":{"line":240,"column":40}}],"line":214},"7":{"loc":{"start":{"line":259,"column":12},"end":{"line":281,"column":13}},"type":"switch","locations":[{"start":{"line":260,"column":14},"end":{"line":264,"column":55}},{"start":{"line":266,"column":14},"end":{"line":269,"column":22}},{"start":{"line":271,"column":14},"end":{"line":276,"column":19}},{"start":{"line":278,"column":14},"end":{"line":278,"column":22}},{"start":{"line":279,"column":14},"end":{"line":280,"column":40}}],"line":259}},"s":{"0":1,"1":1,"2":1,"3":1,"4":1,"5":1,"6":1,"7":1,"8":1,"9":0,"10":1,"11":1,"12":0,"13":0,"14":0,"15":0,"16":0,"17":0,"18":0,"19":0,"20":0,"21":0,"22":0,"23":0,"24":0,"25":0,"26":0,"27":1,"28":1,"29":0,"30":0,"31":0,"32":0,"33":0,"34":0,"35":0,"36":0,"37":0,"38":0,"39":0,"40":0,"41":0,"42":0,"43":0,"44":0,"45":1,"46":1,"47":0,"48":0,"49":0,"50":0,"51":0,"52":0,"53":0,"54":0,"55":0,"56":0,"57":0,"58":0,"59":0,"60":0,"61":0,"62":0,"63":1,"64":1,"65":0,"66":0,"67":0,"68":0,"69":0,"70":0,"71":0,"72":0,"73":0,"74":0,"75":0,"76":0,"77":0,"78":0,"79":0,"80":0,"81":0,"82":0,"83":0,"84":0,"85":0,"86":0,"87":0,"88":0,"89":0,"90":0,"91":0,"92":0,"93":0,"94":0,"95":1,"96":1,"97":0,"98":0,"99":0,"100":0,"101":0,"102":0,"103":0,"104":0,"105":0,"106":0,"107":0,"108":0,"109":0,"110":0,"111":0,"112":0,"113":0,"114":0,"115":1,"116":1,"117":0,"118":0,"119":0,"120":0,"121":0,"122":0,"123":0,"124":0,"125":0,"126":0,"127":0,"128":0,"129":0,"130":0,"131":0,"132":1,"133":1,"134":1},"f":{"0":1,"1":0,"2":1,"3":0,"4":0,"5":0,"6":1,"7":0,"8":0,"9":0,"10":1,"11":0,"12":0,"13":0,"14":1,"15":0,"16":0,"17":0,"18":1,"19":0,"20":0,"21":0,"22":1,"23":0,"24":0,"25":0},"b":{"0":[0,0,0,0,0],"1":[0,0,0,0,0],"2":[0,0,0,0,0],"3":[0,0,0,0,0,0,0],"4":[0,0],"5":[0,0],"6":[0,0,0,0,0],"7":[0,0,0,0,0]},"inputSourceMap":{"version":3,"sources":["book.js"],"names":["_","res","bookService","books","allBooks","status","json","req","id","query","bookById","book","title","bookByTile","send","message","author","editionDate","Date","now","createdAt","updatedAt","Number","addBook","console","log","body","updateBook","deleteBook"],"mappings":";;;;;;;;;;;;;;;;;AAAA;;;;;;;;;;kHAGuBA,C,EAAGC,G;;;;;;;;uBAESC,iBAAYC,KAAZ,E;;;AAAjBC,gBAAAA,Q;AACNH,gBAAAA,GAAG,CAACI,MAAJ,CAAW,GAAX,EAAgBC,IAAhB,CAAqBF,QAArB;;;;;;;AAEAH,gBAAAA,GAAG,CAACI,MAAJ,CAAW,GAAX,EAAgBC,IAAhB;;;;;;;;;;;;;;;;;;;sHAIcC,G,EAAKN,G;;;;;;;AAEbO,gBAAAA,E,GAAKD,GAAG,CAACE,KAAJ,CAAUD,E;;uBACFN,iBAAYQ,QAAZ,CAAqBF,EAArB,C;;;AAAbG,gBAAAA,I;AACNV,gBAAAA,GAAG,CAACI,MAAJ,CAAW,GAAX,EAAgBC,IAAhB,CAAqBK,IAArB;;;;;;;AAEAV,gBAAAA,GAAG,CAACI,MAAJ,CAAW,GAAX,EAAgBC,IAAhB;;;;;;;;;;;;;;;;;;;yHAIiBC,G,EAAKN,G;;;;;;;AAEhBW,gBAAAA,K,GAAQL,GAAG,CAACE,KAAJ,CAAUG,K;;uBACLV,iBAAYW,UAAZ,CAAuBD,KAAvB,C;;;AAAbD,gBAAAA,I;AACNV,gBAAAA,GAAG,CAACI,MAAJ,CAAW,GAAX,EAAgBC,IAAhB,CAAqBK,IAArB;;;;;;;AAEAV,gBAAAA,GAAG,CAACI,MAAJ,CAAW,GAAX,EAAgBC,IAAhB;;;;;;;;;;;;;;;;;;;qHAIaC,G,EAAKN,G;;;;;;;;oBAGbM,GAAG,CAACE,KAAJ,CAAUG,K;;;;;AACXX,gBAAAA,GAAG,CAACI,MAAJ,CAAW,GAAX,EAAgBS,IAAhB,CAAqB;AACjBC,kBAAAA,OAAO,EAAE;AADQ,iBAArB;;;;oBAMCR,GAAG,CAACE,KAAJ,CAAUO,M;;;;;AACXf,gBAAAA,GAAG,CAACI,MAAJ,CAAW,GAAX,EAAgBS,IAAhB,CAAqB;AACjBC,kBAAAA,OAAO,EAAE;AADQ,iBAArB;;;;AAOEH,gBAAAA,K,GAAQL,GAAG,CAACE,KAAJ,CAAUG,K;AAClBK,gBAAAA,W,GAAcC,IAAI,CAACC,GAAL,E;AACdC,gBAAAA,S,GAAYF,IAAI,CAACC,GAAL,E;AACZE,gBAAAA,S,GAAYH,IAAI,CAACC,GAAL,E;AACZH,gBAAAA,M,GAASM,MAAM,CAACf,GAAG,CAACE,KAAJ,CAAUO,MAAX,C;;uBAEfd,iBAAYqB,OAAZ,CAAoBX,KAApB,EAA2BK,WAA3B,EAAwCG,SAAxC,EAAmDC,SAAnD,EAA6DL,MAA7D,C;;;AAENf,gBAAAA,GAAG,CAACI,MAAJ,CAAW,GAAX,EAAgBC,IAAhB,CAAqB,2BAArB;;;;;;;AAEAkB,gBAAAA,OAAO,CAACC,GAAR;AACAxB,gBAAAA,GAAG,CAACI,MAAJ,CAAW,GAAX,EAAgBC,IAAhB;;;;;;;;;;;;;;;;;;;wHAIgBC,G,EAAKN,G;;;;;;;AAEfO,gBAAAA,E,GAAKD,GAAG,CAACE,KAAJ,CAAUD,E;AACfkB,gBAAAA,I,GAAOnB,GAAG,CAACmB,I;AAEjBF,gBAAAA,OAAO,CAACC,GAAR,CAAYjB,EAAZ;AACAgB,gBAAAA,OAAO,CAACC,GAAR,CAAYC,IAAZ;;uBAEMxB,iBAAYyB,UAAZ,CAAuBnB,EAAvB,EAA2BkB,IAA3B,C;;;AAENzB,gBAAAA,GAAG,CAACI,MAAJ,CAAW,GAAX,EAAgBS,IAAhB,CAAqB;AACjBC,kBAAAA,OAAO,EAAE;AADQ,iBAArB;;;;;;;AAKAd,gBAAAA,GAAG,CAACI,MAAJ,CAAW,GAAX,EAAgBS,IAAhB,CAAqB;AACjBC,kBAAAA,OAAO,EAAE,aAAMA;AADE,iBAArB;;;;;;;;;;;;;;;;;;;wHAMgBR,G,EAAKN,G;;;;;;;AAEfO,gBAAAA,E,GAAKD,GAAG,CAACE,KAAJ,CAAUD,E;;uBACfN,iBAAY0B,UAAZ,CAAuBpB,EAAvB,C;;;AACNP,gBAAAA,GAAG,CAACI,MAAJ,CAAW,GAAX,EAAgBS,IAAhB;;;;;;;AAEAb,gBAAAA,GAAG,CAACI,MAAJ,CAAW,GAAX,EAAgBS,IAAhB,CAAqB;AACjBC,kBAAAA,OAAO,EAAE,aAAMA;AADE,iBAArB","sourceRoot":"C:\\Users\\zlebriq\\Documents\\nodejs\\books\\api\\controllers\\","sourcesContent":["import bookService from \"../services/book\"\r\n\r\nexport default class {\r\n    static async books(_, res) {\r\n        try {\r\n            const allBooks = await bookService.books()\r\n            res.status(200).json(allBooks)\r\n        } catch (error) {\r\n            res.status(404).json(error)\r\n        }\r\n    }\r\n\r\n    static async bookById(req, res) {\r\n        try {\r\n            const id = req.query.id\r\n            const book = await bookService.bookById(id)\r\n            res.status(200).json(book)\r\n        } catch (error) {\r\n            res.status(404).json(error)\r\n        }\r\n    }\r\n\r\n    static async bookByTitle(req, res) {\r\n        try {\r\n            const title = req.query.title\r\n            const book = await bookService.bookByTile(title)\r\n            res.status(200).json(book)\r\n        } catch (error) {\r\n            res.status(404).json(error)\r\n        }\r\n    }\r\n\r\n    static async addBook(req, res) {\r\n        try {\r\n\r\n            if (!req.query.title) {\r\n                res.status(404).send({\r\n                    message: \"title not found\"\r\n                })\r\n                return\r\n            }\r\n\r\n            if (!req.query.author) {\r\n                res.status(404).send({\r\n                    message: \"author not found\"\r\n                })\r\n                return\r\n            }\r\n\r\n\r\n            const title = req.query.title\r\n            const editionDate = Date.now()\r\n            const createdAt = Date.now()\r\n            const updatedAt = Date.now()\r\n            const author = Number(req.query.author)\r\n\r\n            await bookService.addBook(title, editionDate, createdAt, updatedAt,author)\r\n\r\n            res.status(201).json(\"Book created successfully\")\r\n        } catch (error) {\r\n            console.log(error)\r\n            res.status(404).json(error)\r\n        }\r\n    }\r\n\r\n    static async updateBook(req, res) {\r\n        try {\r\n            const id = req.query.id\r\n            const body = req.body;\r\n\r\n            console.log(id)\r\n            console.log(body)\r\n\r\n            await bookService.updateBook(id, body)\r\n\r\n            res.status(200).send({\r\n                message: \"book has been updated successfully\"\r\n            })\r\n\r\n        } catch (error) {\r\n            res.status(404).send({\r\n                message: error.message\r\n            })\r\n        }\r\n    }\r\n\r\n    static async deleteBook(req, res) {\r\n        try {\r\n            const id = req.query.id\r\n            await bookService.deleteBook(id)\r\n            res.status(204).send()\r\n        } catch (error) {\r\n            res.status(404).send({\r\n                message: error.message\r\n            })\r\n        }\r\n    }\r\n\r\n\r\n}"]},"_coverageSchema":"1a1c01bbd47fc00a2c39e90264f33305004495a9","hash":"857c6db46913e995fb299d537b53d78903b3f768","contentHash":"c42d9e730c6a8d7b2bf2a7e612c925702209b339fe87c2a85926fb0d3a425fd4"},"C:\\Users\\zlebriq\\Documents\\nodejs\\books\\api\\services\\book.js":{"path":"C:\\Users\\zlebriq\\Documents\\nodejs\\books\\api\\services\\book.js","statementMap":{"0":{"start":{"line":3,"column":29},"end":{"line":3,"column":84}},"1":{"start":{"line":5,"column":0},"end":{"line":7,"column":3}},"2":{"start":{"line":8,"column":0},"end":{"line":8,"column":28}},"3":{"start":{"line":10,"column":19},"end":{"line":10,"column":80}},"4":{"start":{"line":12,"column":25},"end":{"line":12,"column":99}},"5":{"start":{"line":14,"column":23},"end":{"line":14,"column":95}},"6":{"start":{"line":16,"column":20},"end":{"line":16,"column":89}},"7":{"start":{"line":18,"column":14},"end":{"line":18,"column":58}},"8":{"start":{"line":20,"column":14},"end":{"line":20,"column":57}},"9":{"start":{"line":22,"column":11},"end":{"line":22,"column":35}},"10":{"start":{"line":27,"column":28},"end":{"line":306,"column":3}},"11":{"start":{"line":29,"column":4},"end":{"line":29,"column":53}},"12":{"start":{"line":32,"column":2},"end":{"line":304,"column":6}},"13":{"start":{"line":41,"column":19},"end":{"line":64,"column":9}},"14":{"start":{"line":42,"column":8},"end":{"line":63,"column":36}},"15":{"start":{"line":43,"column":10},"end":{"line":62,"column":11}},"16":{"start":{"line":44,"column":12},"end":{"line":61,"column":13}},"17":{"start":{"line":46,"column":16},"end":{"line":46,"column":34}},"18":{"start":{"line":47,"column":16},"end":{"line":47,"column":34}},"19":{"start":{"line":48,"column":16},"end":{"line":48,"column":38}},"20":{"start":{"line":51,"column":16},"end":{"line":51,"column":64}},"21":{"start":{"line":54,"column":16},"end":{"line":54,"column":34}},"22":{"start":{"line":55,"column":16},"end":{"line":55,"column":51}},"23":{"start":{"line":56,"column":16},"end":{"line":56,"column":34}},"24":{"start":{"line":60,"column":16},"end":{"line":60,"column":39}},"25":{"start":{"line":67,"column":8},"end":{"line":67,"column":45}},"26":{"start":{"line":70,"column":6},"end":{"line":70,"column":19}},"27":{"start":{"line":82,"column":22},"end":{"line":105,"column":9}},"28":{"start":{"line":83,"column":8},"end":{"line":104,"column":37}},"29":{"start":{"line":84,"column":10},"end":{"line":103,"column":11}},"30":{"start":{"line":85,"column":12},"end":{"line":102,"column":13}},"31":{"start":{"line":87,"column":16},"end":{"line":87,"column":35}},"32":{"start":{"line":88,"column":16},"end":{"line":88,"column":35}},"33":{"start":{"line":89,"column":16},"end":{"line":89,"column":41}},"34":{"start":{"line":92,"column":16},"end":{"line":92,"column":66}},"35":{"start":{"line":95,"column":16},"end":{"line":95,"column":35}},"36":{"start":{"line":96,"column":16},"end":{"line":96,"column":53}},"37":{"start":{"line":97,"column":16},"end":{"line":97,"column":35}},"38":{"start":{"line":101,"column":16},"end":{"line":101,"column":40}},"39":{"start":{"line":108,"column":8},"end":{"line":108,"column":48}},"40":{"start":{"line":111,"column":6},"end":{"line":111,"column":22}},"41":{"start":{"line":123,"column":24},"end":{"line":150,"column":9}},"42":{"start":{"line":124,"column":8},"end":{"line":149,"column":37}},"43":{"start":{"line":125,"column":10},"end":{"line":148,"column":11}},"44":{"start":{"line":126,"column":12},"end":{"line":147,"column":13}},"45":{"start":{"line":128,"column":16},"end":{"line":128,"column":35}},"46":{"start":{"line":129,"column":16},"end":{"line":129,"column":35}},"47":{"start":{"line":130,"column":16},"end":{"line":134,"column":19}},"48":{"start":{"line":137,"column":16},"end":{"line":137,"column":66}},"49":{"start":{"line":140,"column":16},"end":{"line":140,"column":35}},"50":{"start":{"line":141,"column":16},"end":{"line":141,"column":53}},"51":{"start":{"line":142,"column":16},"end":{"line":142,"column":35}},"52":{"start":{"line":146,"column":16},"end":{"line":146,"column":40}},"53":{"start":{"line":153,"column":8},"end":{"line":153,"column":50}},"54":{"start":{"line":156,"column":6},"end":{"line":156,"column":24}},"55":{"start":{"line":172,"column":21},"end":{"line":205,"column":9}},"56":{"start":{"line":174,"column":8},"end":{"line":204,"column":37}},"57":{"start":{"line":175,"column":10},"end":{"line":203,"column":11}},"58":{"start":{"line":176,"column":12},"end":{"line":202,"column":13}},"59":{"start":{"line":178,"column":16},"end":{"line":178,"column":35}},"60":{"start":{"line":179,"column":16},"end":{"line":179,"column":52}},"61":{"start":{"line":180,"column":16},"end":{"line":186,"column":18}},"62":{"start":{"line":187,"column":16},"end":{"line":187,"column":34}},"63":{"start":{"line":188,"column":16},"end":{"line":188,"column":35}},"64":{"start":{"line":189,"column":16},"end":{"line":189,"column":41}},"65":{"start":{"line":192,"column":16},"end":{"line":192,"column":66}},"66":{"start":{"line":195,"column":16},"end":{"line":195,"column":35}},"67":{"start":{"line":196,"column":16},"end":{"line":196,"column":53}},"68":{"start":{"line":197,"column":16},"end":{"line":197,"column":35}},"69":{"start":{"line":201,"column":16},"end":{"line":201,"column":40}},"70":{"start":{"line":208,"column":8},"end":{"line":208,"column":47}},"71":{"start":{"line":211,"column":6},"end":{"line":211,"column":21}},"72":{"start":{"line":224,"column":24},"end":{"line":251,"column":9}},"73":{"start":{"line":225,"column":8},"end":{"line":250,"column":37}},"74":{"start":{"line":226,"column":10},"end":{"line":249,"column":11}},"75":{"start":{"line":227,"column":12},"end":{"line":248,"column":13}},"76":{"start":{"line":229,"column":16},"end":{"line":229,"column":35}},"77":{"start":{"line":230,"column":16},"end":{"line":230,"column":35}},"78":{"start":{"line":231,"column":16},"end":{"line":235,"column":19}},"79":{"start":{"line":238,"column":16},"end":{"line":238,"column":66}},"80":{"start":{"line":241,"column":16},"end":{"line":241,"column":35}},"81":{"start":{"line":242,"column":16},"end":{"line":242,"column":53}},"82":{"start":{"line":243,"column":16},"end":{"line":243,"column":35}},"83":{"start":{"line":247,"column":16},"end":{"line":247,"column":40}},"84":{"start":{"line":254,"column":8},"end":{"line":254,"column":50}},"85":{"start":{"line":257,"column":6},"end":{"line":257,"column":24}},"86":{"start":{"line":269,"column":24},"end":{"line":296,"column":9}},"87":{"start":{"line":270,"column":8},"end":{"line":295,"column":37}},"88":{"start":{"line":271,"column":10},"end":{"line":294,"column":11}},"89":{"start":{"line":272,"column":12},"end":{"line":293,"column":13}},"90":{"start":{"line":274,"column":16},"end":{"line":274,"column":35}},"91":{"start":{"line":275,"column":16},"end":{"line":275,"column":35}},"92":{"start":{"line":276,"column":16},"end":{"line":280,"column":19}},"93":{"start":{"line":283,"column":16},"end":{"line":283,"column":66}},"94":{"start":{"line":286,"column":16},"end":{"line":286,"column":35}},"95":{"start":{"line":287,"column":16},"end":{"line":287,"column":53}},"96":{"start":{"line":288,"column":16},"end":{"line":288,"column":35}},"97":{"start":{"line":292,"column":16},"end":{"line":292,"column":40}},"98":{"start":{"line":299,"column":8},"end":{"line":299,"column":50}},"99":{"start":{"line":302,"column":6},"end":{"line":302,"column":24}},"100":{"start":{"line":305,"column":2},"end":{"line":305,"column":18}},"101":{"start":{"line":308,"column":0},"end":{"line":308,"column":30}}},"fnMap":{"0":{"name":"(anonymous_0)","decl":{"start":{"line":27,"column":28},"end":{"line":27,"column":29}},"loc":{"start":{"line":27,"column":40},"end":{"line":306,"column":1}},"line":27},"1":{"name":"_default","decl":{"start":{"line":28,"column":11},"end":{"line":28,"column":19}},"loc":{"start":{"line":28,"column":22},"end":{"line":30,"column":3}},"line":28},"2":{"name":"(anonymous_2)","decl":{"start":{"line":40,"column":11},"end":{"line":40,"column":12}},"loc":{"start":{"line":40,"column":23},"end":{"line":71,"column":5}},"line":40},"3":{"name":"_callee","decl":{"start":{"line":41,"column":106},"end":{"line":41,"column":113}},"loc":{"start":{"line":41,"column":116},"end":{"line":64,"column":7}},"line":41},"4":{"name":"_callee$","decl":{"start":{"line":42,"column":53},"end":{"line":42,"column":61}},"loc":{"start":{"line":42,"column":72},"end":{"line":63,"column":9}},"line":42},"5":{"name":"books","decl":{"start":{"line":66,"column":15},"end":{"line":66,"column":20}},"loc":{"start":{"line":66,"column":23},"end":{"line":68,"column":7}},"line":66},"6":{"name":"(anonymous_6)","decl":{"start":{"line":81,"column":11},"end":{"line":81,"column":12}},"loc":{"start":{"line":81,"column":23},"end":{"line":112,"column":5}},"line":81},"7":{"name":"_callee2","decl":{"start":{"line":82,"column":109},"end":{"line":82,"column":117}},"loc":{"start":{"line":82,"column":122},"end":{"line":105,"column":7}},"line":82},"8":{"name":"_callee2$","decl":{"start":{"line":83,"column":53},"end":{"line":83,"column":62}},"loc":{"start":{"line":83,"column":74},"end":{"line":104,"column":9}},"line":83},"9":{"name":"bookById","decl":{"start":{"line":107,"column":15},"end":{"line":107,"column":23}},"loc":{"start":{"line":107,"column":28},"end":{"line":109,"column":7}},"line":107},"10":{"name":"(anonymous_10)","decl":{"start":{"line":122,"column":11},"end":{"line":122,"column":12}},"loc":{"start":{"line":122,"column":23},"end":{"line":157,"column":5}},"line":122},"11":{"name":"_callee3","decl":{"start":{"line":123,"column":111},"end":{"line":123,"column":119}},"loc":{"start":{"line":123,"column":127},"end":{"line":150,"column":7}},"line":123},"12":{"name":"_callee3$","decl":{"start":{"line":124,"column":53},"end":{"line":124,"column":62}},"loc":{"start":{"line":124,"column":74},"end":{"line":149,"column":9}},"line":124},"13":{"name":"bookByTile","decl":{"start":{"line":152,"column":15},"end":{"line":152,"column":25}},"loc":{"start":{"line":152,"column":31},"end":{"line":154,"column":7}},"line":152},"14":{"name":"(anonymous_14)","decl":{"start":{"line":171,"column":11},"end":{"line":171,"column":12}},"loc":{"start":{"line":171,"column":23},"end":{"line":212,"column":5}},"line":171},"15":{"name":"_callee4","decl":{"start":{"line":172,"column":108},"end":{"line":172,"column":116}},"loc":{"start":{"line":172,"column":166},"end":{"line":205,"column":7}},"line":172},"16":{"name":"_callee4$","decl":{"start":{"line":174,"column":53},"end":{"line":174,"column":62}},"loc":{"start":{"line":174,"column":74},"end":{"line":204,"column":9}},"line":174},"17":{"name":"addBook","decl":{"start":{"line":207,"column":15},"end":{"line":207,"column":22}},"loc":{"start":{"line":207,"column":48},"end":{"line":209,"column":7}},"line":207},"18":{"name":"(anonymous_18)","decl":{"start":{"line":223,"column":11},"end":{"line":223,"column":12}},"loc":{"start":{"line":223,"column":23},"end":{"line":258,"column":5}},"line":223},"19":{"name":"_callee5","decl":{"start":{"line":224,"column":111},"end":{"line":224,"column":119}},"loc":{"start":{"line":224,"column":130},"end":{"line":251,"column":7}},"line":224},"20":{"name":"_callee5$","decl":{"start":{"line":225,"column":53},"end":{"line":225,"column":62}},"loc":{"start":{"line":225,"column":74},"end":{"line":250,"column":9}},"line":225},"21":{"name":"updateBook","decl":{"start":{"line":253,"column":15},"end":{"line":253,"column":25}},"loc":{"start":{"line":253,"column":36},"end":{"line":255,"column":7}},"line":253},"22":{"name":"(anonymous_22)","decl":{"start":{"line":268,"column":11},"end":{"line":268,"column":12}},"loc":{"start":{"line":268,"column":23},"end":{"line":303,"column":5}},"line":268},"23":{"name":"_callee6","decl":{"start":{"line":269,"column":111},"end":{"line":269,"column":119}},"loc":{"start":{"line":269,"column":124},"end":{"line":296,"column":7}},"line":269},"24":{"name":"_callee6$","decl":{"start":{"line":270,"column":53},"end":{"line":270,"column":62}},"loc":{"start":{"line":270,"column":74},"end":{"line":295,"column":9}},"line":270},"25":{"name":"deleteBook","decl":{"start":{"line":298,"column":15},"end":{"line":298,"column":25}},"loc":{"start":{"line":298,"column":32},"end":{"line":300,"column":7}},"line":298}},"branchMap":{"0":{"loc":{"start":{"line":44,"column":12},"end":{"line":61,"column":13}},"type":"switch","locations":[{"start":{"line":45,"column":14},"end":{"line":48,"column":38}},{"start":{"line":50,"column":14},"end":{"line":51,"column":64}},{"start":{"line":53,"column":14},"end":{"line":56,"column":34}},{"start":{"line":58,"column":14},"end":{"line":58,"column":21}},{"start":{"line":59,"column":14},"end":{"line":60,"column":39}}],"line":44},"1":{"loc":{"start":{"line":85,"column":12},"end":{"line":102,"column":13}},"type":"switch","locations":[{"start":{"line":86,"column":14},"end":{"line":89,"column":41}},{"start":{"line":91,"column":14},"end":{"line":92,"column":66}},{"start":{"line":94,"column":14},"end":{"line":97,"column":35}},{"start":{"line":99,"column":14},"end":{"line":99,"column":21}},{"start":{"line":100,"column":14},"end":{"line":101,"column":40}}],"line":85},"2":{"loc":{"start":{"line":126,"column":12},"end":{"line":147,"column":13}},"type":"switch","locations":[{"start":{"line":127,"column":14},"end":{"line":134,"column":19}},{"start":{"line":136,"column":14},"end":{"line":137,"column":66}},{"start":{"line":139,"column":14},"end":{"line":142,"column":35}},{"start":{"line":144,"column":14},"end":{"line":144,"column":21}},{"start":{"line":145,"column":14},"end":{"line":146,"column":40}}],"line":126},"3":{"loc":{"start":{"line":176,"column":12},"end":{"line":202,"column":13}},"type":"switch","locations":[{"start":{"line":177,"column":14},"end":{"line":189,"column":41}},{"start":{"line":191,"column":14},"end":{"line":192,"column":66}},{"start":{"line":194,"column":14},"end":{"line":197,"column":35}},{"start":{"line":199,"column":14},"end":{"line":199,"column":22}},{"start":{"line":200,"column":14},"end":{"line":201,"column":40}}],"line":176},"4":{"loc":{"start":{"line":227,"column":12},"end":{"line":248,"column":13}},"type":"switch","locations":[{"start":{"line":228,"column":14},"end":{"line":235,"column":19}},{"start":{"line":237,"column":14},"end":{"line":238,"column":66}},{"start":{"line":240,"column":14},"end":{"line":243,"column":35}},{"start":{"line":245,"column":14},"end":{"line":245,"column":21}},{"start":{"line":246,"column":14},"end":{"line":247,"column":40}}],"line":227},"5":{"loc":{"start":{"line":272,"column":12},"end":{"line":293,"column":13}},"type":"switch","locations":[{"start":{"line":273,"column":14},"end":{"line":280,"column":19}},{"start":{"line":282,"column":14},"end":{"line":283,"column":66}},{"start":{"line":285,"column":14},"end":{"line":288,"column":35}},{"start":{"line":290,"column":14},"end":{"line":290,"column":21}},{"start":{"line":291,"column":14},"end":{"line":292,"column":40}}],"line":272}},"s":{"0":1,"1":1,"2":1,"3":1,"4":1,"5":1,"6":1,"7":1,"8":1,"9":1,"10":1,"11":0,"12":1,"13":1,"14":0,"15":0,"16":0,"17":0,"18":0,"19":0,"20":0,"21":0,"22":0,"23":0,"24":0,"25":0,"26":1,"27":1,"28":0,"29":0,"30":0,"31":0,"32":0,"33":0,"34":0,"35":0,"36":0,"37":0,"38":0,"39":0,"40":1,"41":1,"42":0,"43":0,"44":0,"45":0,"46":0,"47":0,"48":0,"49":0,"50":0,"51":0,"52":0,"53":0,"54":1,"55":1,"56":0,"57":0,"58":0,"59":0,"60":0,"61":0,"62":0,"63":0,"64":0,"65":0,"66":0,"67":0,"68":0,"69":0,"70":0,"71":1,"72":1,"73":0,"74":0,"75":0,"76":0,"77":0,"78":0,"79":0,"80":0,"81":0,"82":0,"83":0,"84":0,"85":1,"86":1,"87":0,"88":0,"89":0,"90":0,"91":0,"92":0,"93":0,"94":0,"95":0,"96":0,"97":0,"98":0,"99":1,"100":1,"101":1},"f":{"0":1,"1":0,"2":1,"3":0,"4":0,"5":0,"6":1,"7":0,"8":0,"9":0,"10":1,"11":0,"12":0,"13":0,"14":1,"15":0,"16":0,"17":0,"18":1,"19":0,"20":0,"21":0,"22":1,"23":0,"24":0,"25":0},"b":{"0":[0,0,0,0,0],"1":[0,0,0,0,0],"2":[0,0,0,0,0],"3":[0,0,0,0,0],"4":[0,0,0,0,0],"5":[0,0,0,0,0]},"inputSourceMap":{"version":3,"sources":["book.js"],"names":["Book","db","books","findAll","id","findByPk","title","findOne","where","editionDate","createdAt","updateAt","author","console","log","book","author_id","create","body","update","destroy"],"mappings":";;;;;;;;;;;;;;;;;AAAA;;AACA;;AAEA,IAAMA,IAAI,GAAGC,mBAAGC,KAAhB;AAEA;AACA;AACA;;;;;;;;;;AAGI;AACJ;AACA;AACA;AACA;;;;;;;;;uBAGyBF,IAAI,CAACG,OAAL,E;;;;;;;;;;;;;;;;;;;;;;;;AAOrB;AACJ;AACA;AACA;AACA;AACA;;;;;sHAC0BC,E;;;;;;;uBAEDJ,IAAI,CAACK,QAAL,CAAcD,EAAd,C;;;;;;;;;;;;;;;;;;;;;;;;AAMrB;AACJ;AACA;AACA;AACA;AACA;;;;;wHAC4BE,K;;;;;;;uBAEHN,IAAI,CAACO,OAAL,CAAa;AAACC,kBAAAA,KAAK,EAAE;AAACF,oBAAAA,KAAK,EAAEA;AAAR;AAAR,iBAAb,C;;;;;;;;;;;;;;;;;;;;;;;;AAMrB;AACJ;AACA;AACA;AACA;AACA;AACA;AACA;AACA;AACA;;;;;qHACyBA,K,EAAOG,W,EAAaC,S,EAAWC,Q,EAAUC,M;;;;;;;AAEtDC,gBAAAA,OAAO,CAACC,GAAR,CAAY,gBAAgBF,MAA5B;AAEMG,gBAAAA,I,GAAO;AACTT,kBAAAA,KAAK,EAAEA,KADE;AAETG,kBAAAA,WAAW,EAAEA,WAFJ;AAGTC,kBAAAA,SAAS,EAAEA,SAHF;AAITC,kBAAAA,QAAQ,EAAEA,QAJD;AAKTK,kBAAAA,SAAS,EAAEJ;AALF,iB;AAQbC,gBAAAA,OAAO,CAACC,GAAR,CAAYC,IAAZ;;uBACaf,IAAI,CAACiB,MAAL,CAAYF,IAAZ,C;;;;;;;;;;;;;;;;;;;;;;;;AAMrB;AACJ;AACA;AACA;AACA;AACA;AACA;;;;;wHAC4BX,E,EAAIc,I;;;;;;;uBAEPlB,IAAI,CAACmB,MAAL,CAAYD,IAAZ,EAAkB;AAC3BV,kBAAAA,KAAK,EAAE;AAACJ,oBAAAA,EAAE,EAAEA;AAAL;AADoB,iBAAlB,C;;;;;;;;;;;;;;;;;;;;;;;;AASrB;AACJ;AACA;AACA;AACA;AACA;;;;;wHAC4BA,E;;;;;;;uBAEHJ,IAAI,CAACoB,OAAL,CAAa;AACtBZ,kBAAAA,KAAK,EAAE;AAACJ,oBAAAA,EAAE,EAAEA;AAAL;AADe,iBAAb,C","sourceRoot":"C:\\Users\\zlebriq\\Documents\\nodejs\\books\\api\\services\\","sourcesContent":["import db from \"../models\"\r\nimport authorsService from \"./author\"\r\n\r\nconst Book = db.books\r\n\r\n/**\r\n * This class provides all methods to manage CRUD operations on Book Model\r\n */\r\nexport default class {\r\n\r\n    /**\r\n     * Select all Books from the database\r\n     *\r\n     * @returns {Promise<Book[]>}\r\n     */\r\n    static async books() {\r\n        try {\r\n            return await Book.findAll()\r\n        } catch (error) {\r\n            throw error\r\n        }\r\n    }\r\n\r\n\r\n    /**\r\n     * Select a Book its id\r\n     *\r\n     * @param id\r\n     * @returns {Promise<Book>}\r\n     */\r\n    static async bookById(id) {\r\n        try {\r\n            return await Book.findByPk(id)\r\n        } catch (error) {\r\n            throw error\r\n        }\r\n    }\r\n\r\n    /**\r\n     * Select a Book by its title\r\n     *\r\n     * @param title\r\n     * @returns {Promise<Book>}\r\n     */\r\n    static async bookByTile(title) {\r\n        try {\r\n            return await Book.findOne({where: {title: title}})\r\n        } catch (error) {\r\n            throw error\r\n        }\r\n    }\r\n\r\n    /**\r\n     * Create new Book in the database\r\n     *\r\n     * @param title\r\n     * @param editionDate\r\n     * @param createdAt\r\n     * @param updateAt\r\n     * @param author\r\n     * @returns {Promise<Book>}\r\n     */\r\n    static async addBook(title, editionDate, createdAt, updateAt, author) {\r\n        try {\r\n            console.log(\"author id  \" + author)\r\n\r\n            const book = {\r\n                title: title,\r\n                editionDate: editionDate,\r\n                createdAt: createdAt,\r\n                updateAt: updateAt,\r\n                author_id: author\r\n            };\r\n\r\n            console.log(book)\r\n            return await Book.create(book)\r\n        } catch (error) {\r\n            throw error\r\n        }\r\n    }\r\n\r\n    /**\r\n     * Update an existing Book\r\n     *\r\n     * @param id\r\n     * @param body\r\n     * @returns {Promise<[number, Book[]]>}\r\n     */\r\n    static async updateBook(id, body) {\r\n        try {\r\n            return await Book.update(body, {\r\n                where: {id: id}\r\n            })\r\n        } catch (error) {\r\n            throw error\r\n        }\r\n    }\r\n\r\n\r\n    /**\r\n     * Delete an existing Book\r\n     *\r\n     * @param id\r\n     * @returns {Promise<number>}\r\n     */\r\n    static async deleteBook(id) {\r\n        try {\r\n            return await Book.destroy({\r\n                where: {id: id}\r\n            })\r\n        } catch (error) {\r\n            throw error\r\n        }\r\n    }\r\n\r\n}"]},"_coverageSchema":"1a1c01bbd47fc00a2c39e90264f33305004495a9","hash":"65744264f2a5f4ea8333e6cc90d94b655b45af7c","contentHash":"281256ce599ac687a845b1ab1f807db998d67f0137fdf339ba44562b2fe30e6a"},"C:\\Users\\zlebriq\\Documents\\nodejs\\books\\api\\models\\index.js":{"path":"C:\\Users\\zlebriq\\Documents\\nodejs\\books\\api\\models\\index.js","statementMap":{"0":{"start":{"line":3,"column":29},"end":{"line":3,"column":84}},"1":{"start":{"line":5,"column":0},"end":{"line":7,"column":3}},"2":{"start":{"line":8,"column":0},"end":{"line":8,"column":28}},"3":{"start":{"line":10,"column":10},"end":{"line":10,"column":47}},"4":{"start":{"line":12,"column":12},"end":{"line":12,"column":51}},"5":{"start":{"line":14,"column":17},"end":{"line":14,"column":61}},"6":{"start":{"line":16,"column":14},"end":{"line":16,"column":68}},"7":{"start":{"line":18,"column":15},"end":{"line":18,"column":52}},"8":{"start":{"line":20,"column":10},"end":{"line":20,"column":69}},"9":{"start":{"line":21,"column":13},"end":{"line":21,"column":36}},"10":{"start":{"line":22,"column":0},"end":{"line":22,"column":46}},"11":{"start":{"line":23,"column":0},"end":{"line":23,"column":49}},"12":{"start":{"line":24,"column":9},"end":{"line":24,"column":11}},"13":{"start":{"line":27,"column":0},"end":{"line":41,"column":1}},"14":{"start":{"line":28,"column":2},"end":{"line":28,"column":75}},"15":{"start":{"line":29,"column":2},"end":{"line":38,"column":5}},"16":{"start":{"line":40,"column":2},"end":{"line":40,"column":99}},"17":{"start":{"line":43,"column":0},"end":{"line":49,"column":3}},"18":{"start":{"line":44,"column":2},"end":{"line":44,"column":81}},"19":{"start":{"line":46,"column":14},"end":{"line":46,"column":95}},"20":{"start":{"line":48,"column":2},"end":{"line":48,"column":25}},"21":{"start":{"line":51,"column":0},"end":{"line":55,"column":3}},"22":{"start":{"line":52,"column":2},"end":{"line":54,"column":3}},"23":{"start":{"line":53,"column":4},"end":{"line":53,"column":32}},"24":{"start":{"line":56,"column":0},"end":{"line":56,"column":25}},"25":{"start":{"line":57,"column":0},"end":{"line":57,"column":37}},"26":{"start":{"line":58,"column":0},"end":{"line":58,"column":63}},"27":{"start":{"line":59,"column":0},"end":{"line":59,"column":67}},"28":{"start":{"line":60,"column":0},"end":{"line":66,"column":3}},"29":{"start":{"line":67,"column":0},"end":{"line":73,"column":3}},"30":{"start":{"line":74,"column":15},"end":{"line":74,"column":17}},"31":{"start":{"line":75,"column":0},"end":{"line":75,"column":30}}},"fnMap":{"0":{"name":"(anonymous_0)","decl":{"start":{"line":43,"column":45},"end":{"line":43,"column":46}},"loc":{"start":{"line":43,"column":61},"end":{"line":45,"column":1}},"line":43},"1":{"name":"(anonymous_1)","decl":{"start":{"line":45,"column":11},"end":{"line":45,"column":12}},"loc":{"start":{"line":45,"column":27},"end":{"line":49,"column":1}},"line":45},"2":{"name":"(anonymous_2)","decl":{"start":{"line":51,"column":24},"end":{"line":51,"column":25}},"loc":{"start":{"line":51,"column":45},"end":{"line":55,"column":1}},"line":51}},"branchMap":{"0":{"loc":{"start":{"line":20,"column":10},"end":{"line":20,"column":69}},"type":"cond-expr","locations":[{"start":{"line":20,"column":33},"end":{"line":20,"column":53}},{"start":{"line":20,"column":56},"end":{"line":20,"column":69}}],"line":20},"1":{"loc":{"start":{"line":27,"column":0},"end":{"line":41,"column":1}},"type":"if","locations":[{"start":{"line":27,"column":0},"end":{"line":41,"column":1}},{"start":{"line":27,"column":0},"end":{"line":41,"column":1}}],"line":27},"2":{"loc":{"start":{"line":44,"column":9},"end":{"line":44,"column":80}},"type":"binary-expr","locations":[{"start":{"line":44,"column":9},"end":{"line":44,"column":31}},{"start":{"line":44,"column":35},"end":{"line":44,"column":52}},{"start":{"line":44,"column":56},"end":{"line":44,"column":80}}],"line":44},"3":{"loc":{"start":{"line":52,"column":2},"end":{"line":54,"column":3}},"type":"if","locations":[{"start":{"line":52,"column":2},"end":{"line":54,"column":3}},{"start":{"line":52,"column":2},"end":{"line":54,"column":3}}],"line":52}},"s":{"0":1,"1":1,"2":1,"3":1,"4":1,"5":1,"6":1,"7":1,"8":1,"9":1,"10":1,"11":1,"12":1,"13":1,"14":0,"15":0,"16":1,"17":1,"18":3,"19":2,"20":2,"21":1,"22":2,"23":2,"24":1,"25":1,"26":1,"27":1,"28":1,"29":1,"30":1,"31":1},"f":{"0":3,"1":2,"2":2},"b":{"0":[0,1],"1":[0,1],"2":[3,3,2],"3":[2,0]},"inputSourceMap":{"version":3,"sources":["index.js"],"names":["basename","path","__filename","env","process","NODE_ENV","config","configJson","console","log","db","sequelize","environment","Sequelize","DB_NAME","DB_USERNAME","DB_PASS","host","DB_HOST","port","DB_PORT","dialect","dialectOptions","ssl","logging","database","username","password","fs","readdirSync","__dirname","filter","file","indexOf","slice","forEach","model","require","join","name","Object","keys","modelName","associate","books","authors","hasMany","foreignKey","allowNull","as","belongsTo"],"mappings":";;;;;;;;;AAAA;;AACA;;AACA;;AACA;;AAEA,IAAMA,QAAQ,GAAGC,iBAAKD,QAAL,CAAcE,UAAd,CAAjB;;AACA,IAAMC,GAAG,GAAGC,OAAO,CAACD,GAAR,CAAYE,QAAZ,GAAuBD,OAAO,CAACD,GAAR,CAAYE,QAAnC,GAA8C,aAA1D;AAEA,IAAMC,MAAM,GAAGC,mBAAWJ,GAAX,CAAf;AAEAK,OAAO,CAACC,GAAR,CAAY,2BAAZ,EAAyCN,GAAzC;AACAK,OAAO,CAACC,GAAR,CAAY,2BAAZ,EAAyCH,MAAzC;AACA,IAAMI,EAAE,GAAG,EAAX;AAEA,IAAIC,SAAJ;;AACA,IAAIL,MAAM,CAACM,WAAP,KAAuB,YAA3B,EAAyC;AACrCD,EAAAA,SAAS,GAAG,IAAIE,qBAAJ,CACRT,OAAO,CAACD,GAAR,CAAY,YAAZ,CADQ,EACmBG,MADnB,CAAZ;AAIAK,EAAAA,SAAS,GAAG,IAAIE,qBAAJ,CACRT,OAAO,CAACD,GAAR,CAAYW,OADJ,EAERV,OAAO,CAACD,GAAR,CAAYY,WAFJ,EAGRX,OAAO,CAACD,GAAR,CAAYa,OAHJ,EAGa;AACjBC,IAAAA,IAAI,EAAEb,OAAO,CAACD,GAAR,CAAYe,OADD;AAEjBC,IAAAA,IAAI,EAAEf,OAAO,CAACD,GAAR,CAAYiB,OAFD;AAGjBC,IAAAA,OAAO,EAAE,UAHQ;AAIjBC,IAAAA,cAAc,EAAE;AACZC,MAAAA,GAAG,EAAE,IADO;AAEZ,gBAAQ;AAFI,KAJC;AAQjBC,IAAAA,OAAO,EAAE;AARQ,GAHb,CAAZ;AAcH,CAnBD,MAmBO;AACHb,EAAAA,SAAS,GAAG,IAAIE,qBAAJ,CACRP,MAAM,CAACmB,QADC,EACSnB,MAAM,CAACoB,QADhB,EAC0BpB,MAAM,CAACqB,QADjC,EAC2CrB,MAD3C,CAAZ;AAGH;;AAEDsB,eACKC,WADL,CACiBC,SADjB,EAEKC,MAFL,CAEY,UAACC,IAAD,EAAU;AACd,SAAQA,IAAI,CAACC,OAAL,CAAa,GAAb,KAAqB,CAArB,IACHD,IAAI,KAAKhC,QADN,IACoBgC,IAAI,CAACE,KAAL,CAAW,CAAC,CAAZ,MAAmB,KAD/C;AAEH,CALL,EAMKC,OANL,CAMa,UAACH,IAAD,EAAU;AACf,MAAMI,KAAK,GAAGC,OAAO,CAACpC,iBAAKqC,IAAL,CAAUR,SAAV,EAAqBE,IAArB,CAAD,CAAP,CAAoCrB,SAApC,EAA+CE,qBAA/C,CAAd;;AACAH,EAAAA,EAAE,CAAC0B,KAAK,CAACG,IAAP,CAAF,GAAiBH,KAAjB;AACH,CATL;;AAWAI,MAAM,CAACC,IAAP,CAAY/B,EAAZ,EAAgByB,OAAhB,CAAwB,UAACO,SAAD,EAAe;AACnC,MAAIhC,EAAE,CAACgC,SAAD,CAAF,CAAcC,SAAlB,EAA6B;AACzBjC,IAAAA,EAAE,CAACgC,SAAD,CAAF,CAAcC,SAAd,CAAwBjC,EAAxB;AACH;AACJ,CAJD;AAMAA,EAAE,CAACC,SAAH,GAAeA,SAAf;AACAD,EAAE,CAACG,SAAH,GAAeA,qBAAf;AAEAH,EAAE,CAACkC,KAAH,GAAWP,OAAO,CAAC,QAAD,CAAP,CAAkB1B,SAAlB,EAA6BE,qBAA7B,CAAX;AACAH,EAAE,CAACmC,OAAH,GAAaR,OAAO,CAAC,UAAD,CAAP,CAAoB1B,SAApB,EAA+BE,qBAA/B,CAAb;AAEAH,EAAE,CAACmC,OAAH,CAAWC,OAAX,CAAmBpC,EAAE,CAACkC,KAAtB,EAA6B;AACzBG,EAAAA,UAAU,EAAE;AACRR,IAAAA,IAAI,EAAE,WADE;AAERS,IAAAA,SAAS,EAAE;AAFH,GADa;AAKzBC,EAAAA,EAAE,EAAE;AALqB,CAA7B;AAQAvC,EAAE,CAACkC,KAAH,CAASM,SAAT,CAAmBxC,EAAE,CAACmC,OAAtB,EAA+B;AAC3BE,EAAAA,UAAU,EAAE;AACRR,IAAAA,IAAI,EAAE,WADE;AAERS,IAAAA,SAAS,EAAE;AAFH,GADe;AAK3BC,EAAAA,EAAE,EAAE;AALuB,CAA/B;eAQevC,E","sourceRoot":"C:\\Users\\zlebriq\\Documents\\nodejs\\books\\api\\models\\","sourcesContent":["import fs from \"fs\"\nimport path from \"path\"\nimport Sequelize from \"sequelize\"\nimport configJson from \"../config/config.js\"\n\nconst basename = path.basename(__filename)\nconst env = process.env.NODE_ENV ? process.env.NODE_ENV : \"development\"\n\nconst config = configJson[env]\n\nconsole.log('this is the environment: ', env)\nconsole.log('this is the environment: ', config)\nconst db = {}\n\nlet sequelize\nif (config.environment === \"production\") {\n    sequelize = new Sequelize(\n        process.env[\"production\"], config\n    );\n\n    sequelize = new Sequelize(\n        process.env.DB_NAME,\n        process.env.DB_USERNAME,\n        process.env.DB_PASS, {\n            host: process.env.DB_HOST,\n            port: process.env.DB_PORT,\n            dialect: \"postgres\",\n            dialectOptions: {\n                ssl: true,\n                native: true\n            },\n            logging: true\n        }\n    );\n} else {\n    sequelize = new Sequelize(\n        config.database, config.username, config.password, config\n    );\n}\n\nfs\n    .readdirSync(__dirname)\n    .filter((file) => {\n        return (file.indexOf('.') != 0 &&\n            (file !== basename) && (file.slice(-3) === '.js'))\n    })\n    .forEach((file) => {\n        const model = require(path.join(__dirname, file))(sequelize, Sequelize)\n        db[model.name] = model\n    });\n\nObject.keys(db).forEach((modelName) => {\n    if (db[modelName].associate) {\n        db[modelName].associate(db)\n    }\n})\n\ndb.sequelize = sequelize\ndb.Sequelize = Sequelize\n\ndb.books = require(\"./book\")(sequelize, Sequelize)\ndb.authors = require(\"./author\")(sequelize, Sequelize)\n\ndb.authors.hasMany(db.books, {\n    foreignKey: {\n        name: \"author_id\",\n        allowNull: false\n    },\n    as: \"book\"\n})\n\ndb.books.belongsTo(db.authors, {\n    foreignKey: {\n        name: \"author_id\",\n        allowNull: false\n    },\n    as: \"author\"\n})\n\nexport default db"]},"_coverageSchema":"1a1c01bbd47fc00a2c39e90264f33305004495a9","hash":"8d24ab08715619227c9156b100fcf29e5d03abee","contentHash":"99abc7ae911cf12c60d5f564826250388a54894a564f2c51bce86079c15cbc75"},"C:\\Users\\zlebriq\\Documents\\nodejs\\books\\api\\config\\config.js":{"path":"C:\\Users\\zlebriq\\Documents\\nodejs\\books\\api\\config\\config.js","statementMap":{"0":{"start":{"line":3,"column":0},"end":{"line":3,"column":27}},"1":{"start":{"line":5,"column":0},"end":{"line":27,"column":2}}},"fnMap":{},"branchMap":{},"s":{"0":1,"1":1},"f":{},"b":{},"inputSourceMap":{"version":3,"sources":["config.js"],"names":["require","config","module","exports"],"mappings":";;AAAAA,OAAO,CAAC,QAAD,CAAP,CAAkBC,MAAlB;;AAEAC,MAAM,CAACC,OAAP,GACI;AACI,iBAAe;AACX,gBAAY,UADD;AAEX,gBAAY,MAFD;AAGX,gBAAY,sBAHD;AAIX,YAAQ,WAJG;AAKX,eAAW;AALA,GADnB;AAQI,UAAQ;AACJ,gBAAY,UADR;AAEJ,gBAAY,MAFR;AAGJ,gBAAY,sBAHR;AAIJ,YAAQ,WAJJ;AAKJ,eAAW;AALP,GARZ;AAeI,gBAAc;AACV,gBAAY,UADF;AAEV,gBAAY,MAFF;AAGV,gBAAY,qBAHF;AAIV,YAAQ,WAJE;AAKV,eAAW;AALD;AAflB,CADJ","sourceRoot":"C:\\Users\\zlebriq\\Documents\\nodejs\\books\\api\\config\\","sourcesContent":["require(\"dotenv\").config()\n\nmodule.exports =\n    {\n        \"development\": {\n            \"username\": \"postgres\",\n            \"password\": \"root\",\n            \"database\": \"database_development\",\n            \"host\": \"127.0.0.1\",\n            \"dialect\": \"postgres\"\n        },\n        \"test\": {\n            \"username\": \"postgres\",\n            \"password\": \"root\",\n            \"database\": \"database_development\",\n            \"host\": \"127.0.0.1\",\n            \"dialect\": \"postgres\"\n        },\n        \"production\": {\n            \"username\": \"postgres\",\n            \"password\": \"root\",\n            \"database\": \"database_production\",\n            \"host\": \"127.0.0.1\",\n            \"dialect\": \"postgres\"\n        }\n    }\n"]},"_coverageSchema":"1a1c01bbd47fc00a2c39e90264f33305004495a9","hash":"0188afcb7258525445a4de32c565027b9ed1c462","contentHash":"e5938054b490aa9ceb8bc45a391a0421252b285d766106aaf671868d532d2262"},"C:\\Users\\zlebriq\\Documents\\nodejs\\books\\api\\models\\author.js":{"path":"C:\\Users\\zlebriq\\Documents\\nodejs\\books\\api\\models\\author.js","statementMap":{"0":{"start":{"line":3,"column":29},"end":{"line":3,"column":84}},"1":{"start":{"line":5,"column":23},"end":{"line":5,"column":95}},"2":{"start":{"line":7,"column":20},"end":{"line":7,"column":89}},"3":{"start":{"line":9,"column":17},"end":{"line":9,"column":83}},"4":{"start":{"line":11,"column":34},"end":{"line":11,"column":117}},"5":{"start":{"line":13,"column":23},"end":{"line":13,"column":95}},"6":{"start":{"line":15,"column":65},"end":{"line":15,"column":92}},"7":{"start":{"line":15,"column":94},"end":{"line":15,"column":474}},"8":{"start":{"line":15,"column":147},"end":{"line":15,"column":188}},"9":{"start":{"line":15,"column":198},"end":{"line":15,"column":405}},"10":{"start":{"line":15,"column":247},"end":{"line":15,"column":297}},"11":{"start":{"line":15,"column":299},"end":{"line":15,"column":355}},"12":{"start":{"line":15,"column":365},"end":{"line":15,"column":403}},"13":{"start":{"line":15,"column":406},"end":{"line":15,"column":471}},"14":{"start":{"line":17,"column":39},"end":{"line":17,"column":110}},"15":{"start":{"line":17,"column":97},"end":{"line":17,"column":110}},"16":{"start":{"line":17,"column":111},"end":{"line":17,"column":152}},"17":{"start":{"line":17,"column":139},"end":{"line":17,"column":152}},"18":{"start":{"line":17,"column":153},"end":{"line":17,"column":198}},"19":{"start":{"line":17,"column":186},"end":{"line":17,"column":198}},"20":{"start":{"line":17,"column":199},"end":{"line":17,"column":322}},"21":{"start":{"line":17,"column":205},"end":{"line":17,"column":279}},"22":{"start":{"line":17,"column":280},"end":{"line":17,"column":292}},"23":{"start":{"line":17,"column":307},"end":{"line":17,"column":320}},"24":{"start":{"line":19,"column":15},"end":{"line":19,"column":35}},"25":{"start":{"line":20,"column":12},"end":{"line":20,"column":26}},"26":{"start":{"line":22,"column":0},"end":{"line":56,"column":2}},"27":{"start":{"line":23,"column":28},"end":{"line":45,"column":10}},"28":{"start":{"line":24,"column":4},"end":{"line":24,"column":47}},"29":{"start":{"line":26,"column":17},"end":{"line":26,"column":37}},"30":{"start":{"line":29,"column":6},"end":{"line":29,"column":53}},"31":{"start":{"line":30,"column":6},"end":{"line":30,"column":43}},"32":{"start":{"line":33,"column":4},"end":{"line":43,"column":8}},"33":{"start":{"line":44,"column":4},"end":{"line":44,"column":18}},"34":{"start":{"line":48,"column":2},"end":{"line":54,"column":5}},"35":{"start":{"line":55,"column":2},"end":{"line":55,"column":16}}},"fnMap":{"0":{"name":"_createSuper","decl":{"start":{"line":15,"column":9},"end":{"line":15,"column":21}},"loc":{"start":{"line":15,"column":31},"end":{"line":15,"column":476}},"line":15},"1":{"name":"_createSuperInternal","decl":{"start":{"line":15,"column":110},"end":{"line":15,"column":130}},"loc":{"start":{"line":15,"column":133},"end":{"line":15,"column":473}},"line":15},"2":{"name":"_isNativeReflectConstruct","decl":{"start":{"line":17,"column":9},"end":{"line":17,"column":34}},"loc":{"start":{"line":17,"column":37},"end":{"line":17,"column":324}},"line":17},"3":{"name":"(anonymous_3)","decl":{"start":{"line":17,"column":262},"end":{"line":17,"column":263}},"loc":{"start":{"line":17,"column":274},"end":{"line":17,"column":276}},"line":17},"4":{"name":"(anonymous_4)","decl":{"start":{"line":22,"column":17},"end":{"line":22,"column":18}},"loc":{"start":{"line":22,"column":49},"end":{"line":56,"column":1}},"line":22},"5":{"name":"(anonymous_5)","decl":{"start":{"line":23,"column":28},"end":{"line":23,"column":29}},"loc":{"start":{"line":23,"column":46},"end":{"line":45,"column":3}},"line":23},"6":{"name":"Author","decl":{"start":{"line":28,"column":13},"end":{"line":28,"column":19}},"loc":{"start":{"line":28,"column":22},"end":{"line":31,"column":5}},"line":28},"7":{"name":"associate","decl":{"start":{"line":41,"column":22},"end":{"line":41,"column":31}},"loc":{"start":{"line":41,"column":40},"end":{"line":42,"column":7}},"line":41}},"branchMap":{"0":{"loc":{"start":{"line":15,"column":198},"end":{"line":15,"column":405}},"type":"if","locations":[{"start":{"line":15,"column":198},"end":{"line":15,"column":405}},{"start":{"line":15,"column":198},"end":{"line":15,"column":405}}],"line":15},"1":{"loc":{"start":{"line":17,"column":39},"end":{"line":17,"column":110}},"type":"if","locations":[{"start":{"line":17,"column":39},"end":{"line":17,"column":110}},{"start":{"line":17,"column":39},"end":{"line":17,"column":110}}],"line":17},"2":{"loc":{"start":{"line":17,"column":43},"end":{"line":17,"column":95}},"type":"binary-expr","locations":[{"start":{"line":17,"column":43},"end":{"line":17,"column":73}},{"start":{"line":17,"column":77},"end":{"line":17,"column":95}}],"line":17},"3":{"loc":{"start":{"line":17,"column":111},"end":{"line":17,"column":152}},"type":"if","locations":[{"start":{"line":17,"column":111},"end":{"line":17,"column":152}},{"start":{"line":17,"column":111},"end":{"line":17,"column":152}}],"line":17},"4":{"loc":{"start":{"line":17,"column":153},"end":{"line":17,"column":198}},"type":"if","locations":[{"start":{"line":17,"column":153},"end":{"line":17,"column":198}},{"start":{"line":17,"column":153},"end":{"line":17,"column":198}}],"line":17}},"s":{"0":1,"1":1,"2":1,"3":1,"4":1,"5":1,"6":2,"7":2,"8":0,"9":0,"10":0,"11":0,"12":0,"13":0,"14":2,"15":0,"16":2,"17":0,"18":2,"19":2,"20":0,"21":0,"22":0,"23":0,"24":1,"25":1,"26":1,"27":2,"28":2,"29":2,"30":0,"31":0,"32":2,"33":2,"34":2,"35":2},"f":{"0":2,"1":0,"2":2,"3":0,"4":2,"5":2,"6":0,"7":1},"b":{"0":[0,0],"1":[0,2],"2":[2,2],"3":[0,2],"4":[2,0]},"inputSourceMap":{"version":3,"sources":["author.js"],"names":["require","Model","module","exports","sequelize","DataTypes","Author","models","init","firstName","STRING","lastName","modelName"],"mappings":"AAAA;;;;;;;;;;;;;;;;;;eAGIA,OAAO,CAAC,WAAD,C;IADPC,K,YAAAA,K;;AAGJC,MAAM,CAACC,OAAP,GAAiB,UAACC,SAAD,EAAYC,SAAZ,EAA0B;AAAA,MACjCC,MADiC;AAAA;;AAAA;;AAAA;AAAA;AAAA;AAAA;;AAAA;AAAA;;AAEnC;AACR;AACA;AACA;AACA;AAN2C,gCAOlBC,MAPkB,EAOV,CACrB;AACH;AATkC;AAAA;AAAA,IAClBN,KADkB;;AAUtC;AACDK,EAAAA,MAAM,CAACE,IAAP,CAAY;AACRC,IAAAA,SAAS,EAAEJ,SAAS,CAACK,MADb;AAERC,IAAAA,QAAQ,EAAEN,SAAS,CAACK;AAFZ,GAAZ,EAGG;AACCN,IAAAA,SAAS,EAATA,SADD;AAECQ,IAAAA,SAAS,EAAE;AAFZ,GAHH;AASA,SAAON,MAAP;AACH,CArBD","sourceRoot":"C:\\Users\\zlebriq\\Documents\\nodejs\\books\\api\\models\\","sourcesContent":["'use strict';\nconst {\n    Model\n} = require('sequelize');\n\nmodule.exports = (sequelize, DataTypes) => {\n    class Author extends Model {\n        /**\n         * Helper method for defining associations.\n         * This method is not a part of Sequelize lifecycle.\n         * The `models/index` file will call this method automatically.\n         */\n        static associate(models) {\n            // define association here\n        }\n    };\n    Author.init({\n        firstName: DataTypes.STRING,\n        lastName: DataTypes.STRING\n    }, {\n        sequelize,\n        modelName: 'Author',\n    });\n\n\n    return Author;\n};"]},"_coverageSchema":"1a1c01bbd47fc00a2c39e90264f33305004495a9","hash":"6e49394021a780ab588b732cc38ca2120d95f38d","contentHash":"29f4bd5d68fb2dc85a17cebb3a670fc5cb732aa91fe96bf08a1e4de7e3884078"},"C:\\Users\\zlebriq\\Documents\\nodejs\\books\\api\\models\\book.js":{"path":"C:\\Users\\zlebriq\\Documents\\nodejs\\books\\api\\models\\book.js","statementMap":{"0":{"start":{"line":3,"column":29},"end":{"line":3,"column":84}},"1":{"start":{"line":5,"column":23},"end":{"line":5,"column":95}},"2":{"start":{"line":7,"column":20},"end":{"line":7,"column":89}},"3":{"start":{"line":9,"column":17},"end":{"line":9,"column":83}},"4":{"start":{"line":11,"column":34},"end":{"line":11,"column":117}},"5":{"start":{"line":13,"column":23},"end":{"line":13,"column":95}},"6":{"start":{"line":15,"column":65},"end":{"line":15,"column":92}},"7":{"start":{"line":15,"column":94},"end":{"line":15,"column":474}},"8":{"start":{"line":15,"column":147},"end":{"line":15,"column":188}},"9":{"start":{"line":15,"column":198},"end":{"line":15,"column":405}},"10":{"start":{"line":15,"column":247},"end":{"line":15,"column":297}},"11":{"start":{"line":15,"column":299},"end":{"line":15,"column":355}},"12":{"start":{"line":15,"column":365},"end":{"line":15,"column":403}},"13":{"start":{"line":15,"column":406},"end":{"line":15,"column":471}},"14":{"start":{"line":17,"column":39},"end":{"line":17,"column":110}},"15":{"start":{"line":17,"column":97},"end":{"line":17,"column":110}},"16":{"start":{"line":17,"column":111},"end":{"line":17,"column":152}},"17":{"start":{"line":17,"column":139},"end":{"line":17,"column":152}},"18":{"start":{"line":17,"column":153},"end":{"line":17,"column":198}},"19":{"start":{"line":17,"column":186},"end":{"line":17,"column":198}},"20":{"start":{"line":17,"column":199},"end":{"line":17,"column":322}},"21":{"start":{"line":17,"column":205},"end":{"line":17,"column":279}},"22":{"start":{"line":17,"column":280},"end":{"line":17,"column":292}},"23":{"start":{"line":17,"column":307},"end":{"line":17,"column":320}},"24":{"start":{"line":19,"column":15},"end":{"line":19,"column":35}},"25":{"start":{"line":20,"column":12},"end":{"line":20,"column":26}},"26":{"start":{"line":22,"column":0},"end":{"line":56,"column":2}},"27":{"start":{"line":23,"column":26},"end":{"line":45,"column":10}},"28":{"start":{"line":24,"column":4},"end":{"line":24,"column":45}},"29":{"start":{"line":26,"column":17},"end":{"line":26,"column":35}},"30":{"start":{"line":29,"column":6},"end":{"line":29,"column":51}},"31":{"start":{"line":30,"column":6},"end":{"line":30,"column":43}},"32":{"start":{"line":33,"column":4},"end":{"line":43,"column":8}},"33":{"start":{"line":44,"column":4},"end":{"line":44,"column":16}},"34":{"start":{"line":48,"column":2},"end":{"line":54,"column":5}},"35":{"start":{"line":55,"column":2},"end":{"line":55,"column":14}}},"fnMap":{"0":{"name":"_createSuper","decl":{"start":{"line":15,"column":9},"end":{"line":15,"column":21}},"loc":{"start":{"line":15,"column":31},"end":{"line":15,"column":476}},"line":15},"1":{"name":"_createSuperInternal","decl":{"start":{"line":15,"column":110},"end":{"line":15,"column":130}},"loc":{"start":{"line":15,"column":133},"end":{"line":15,"column":473}},"line":15},"2":{"name":"_isNativeReflectConstruct","decl":{"start":{"line":17,"column":9},"end":{"line":17,"column":34}},"loc":{"start":{"line":17,"column":37},"end":{"line":17,"column":324}},"line":17},"3":{"name":"(anonymous_3)","decl":{"start":{"line":17,"column":262},"end":{"line":17,"column":263}},"loc":{"start":{"line":17,"column":274},"end":{"line":17,"column":276}},"line":17},"4":{"name":"(anonymous_4)","decl":{"start":{"line":22,"column":17},"end":{"line":22,"column":18}},"loc":{"start":{"line":22,"column":49},"end":{"line":56,"column":1}},"line":22},"5":{"name":"(anonymous_5)","decl":{"start":{"line":23,"column":26},"end":{"line":23,"column":27}},"loc":{"start":{"line":23,"column":44},"end":{"line":45,"column":3}},"line":23},"6":{"name":"Book","decl":{"start":{"line":28,"column":13},"end":{"line":28,"column":17}},"loc":{"start":{"line":28,"column":20},"end":{"line":31,"column":5}},"line":28},"7":{"name":"associate","decl":{"start":{"line":41,"column":22},"end":{"line":41,"column":31}},"loc":{"start":{"line":41,"column":40},"end":{"line":42,"column":7}},"line":41}},"branchMap":{"0":{"loc":{"start":{"line":15,"column":198},"end":{"line":15,"column":405}},"type":"if","locations":[{"start":{"line":15,"column":198},"end":{"line":15,"column":405}},{"start":{"line":15,"column":198},"end":{"line":15,"column":405}}],"line":15},"1":{"loc":{"start":{"line":17,"column":39},"end":{"line":17,"column":110}},"type":"if","locations":[{"start":{"line":17,"column":39},"end":{"line":17,"column":110}},{"start":{"line":17,"column":39},"end":{"line":17,"column":110}}],"line":17},"2":{"loc":{"start":{"line":17,"column":43},"end":{"line":17,"column":95}},"type":"binary-expr","locations":[{"start":{"line":17,"column":43},"end":{"line":17,"column":73}},{"start":{"line":17,"column":77},"end":{"line":17,"column":95}}],"line":17},"3":{"loc":{"start":{"line":17,"column":111},"end":{"line":17,"column":152}},"type":"if","locations":[{"start":{"line":17,"column":111},"end":{"line":17,"column":152}},{"start":{"line":17,"column":111},"end":{"line":17,"column":152}}],"line":17},"4":{"loc":{"start":{"line":17,"column":153},"end":{"line":17,"column":198}},"type":"if","locations":[{"start":{"line":17,"column":153},"end":{"line":17,"column":198}},{"start":{"line":17,"column":153},"end":{"line":17,"column":198}}],"line":17}},"s":{"0":1,"1":1,"2":1,"3":1,"4":1,"5":1,"6":2,"7":2,"8":0,"9":0,"10":0,"11":0,"12":0,"13":0,"14":2,"15":0,"16":2,"17":0,"18":2,"19":2,"20":0,"21":0,"22":0,"23":0,"24":1,"25":1,"26":1,"27":2,"28":2,"29":2,"30":0,"31":0,"32":2,"33":2,"34":2,"35":2},"f":{"0":2,"1":0,"2":2,"3":0,"4":2,"5":2,"6":0,"7":1},"b":{"0":[0,0],"1":[0,2],"2":[2,2],"3":[0,2],"4":[2,0]},"inputSourceMap":{"version":3,"sources":["book.js"],"names":["require","Model","module","exports","sequelize","DataTypes","Book","models","init","title","STRING","editionDate","DATE","modelName"],"mappings":"AAAA;;;;;;;;;;;;;;;;;;eAGIA,OAAO,CAAC,WAAD,C;IADPC,K,YAAAA,K;;AAGJC,MAAM,CAACC,OAAP,GAAiB,UAACC,SAAD,EAAYC,SAAZ,EAA0B;AAAA,MACjCC,IADiC;AAAA;;AAAA;;AAAA;AAAA;AAAA;AAAA;;AAAA;AAAA;;AAEnC;AACR;AACA;AACA;AACA;AAN2C,gCAOlBC,MAPkB,EAOV,CACrB;AACH;AATkC;AAAA;AAAA,IACpBN,KADoB;;AAUtC;AACDK,EAAAA,IAAI,CAACE,IAAL,CAAU;AACNC,IAAAA,KAAK,EAAEJ,SAAS,CAACK,MADX;AAENC,IAAAA,WAAW,EAAEN,SAAS,CAACO;AAFjB,GAAV,EAGG;AACCR,IAAAA,SAAS,EAATA,SADD;AAECS,IAAAA,SAAS,EAAE;AAFZ,GAHH;AASA,SAAOP,IAAP;AACH,CArBD","sourceRoot":"C:\\Users\\zlebriq\\Documents\\nodejs\\books\\api\\models\\","sourcesContent":["'use strict';\nconst {\n    Model\n} = require('sequelize');\n\nmodule.exports = (sequelize, DataTypes) => {\n    class Book extends Model {\n        /**\n         * Helper method for defining associations.\n         * This meth
[...]
d,EAAyBE,mBAAiBO,YAA1C;eAGeT,M","sourceRoot":"C:\\Users\\zlebriq\\Documents\\nodejs\\books\\api\\routes\\","sourcesContent":["import {Router} from \"express\"\r\nimport authorController from \"../controllers/author\"\r\nimport bodyParser from  \"body-parser\"\r\nconst jsonParser =  bodyParser.json()\r\n\r\nconst router = Router()\r\n\r\nrouter.get(\"/all\", authorController.authors)\r\nrouter.get(\"/one\", authorController.authorById)\r\nrouter.post(\"/add\", authorController.addAuthor)\r\nrouter.put(\"/update\", jsonParser, authorController.updateAuthor)\r\nrouter.delete(\"/delete\", authorController.deleteAuthor)\r\n\r\n\r\nexport default router"]},"_coverageSchema":"1a1c01bbd47fc00a2c39e90264f33305004495a9","hash":"25e19b69f36688a3cec327375bb5f925812be958","contentHash":"34ddfe233ecc881f48fe8da6f0a6ba64483245ff363d84a194a35c09ae3119f5"},"C:\\Users\\zlebriq\\Documents\\nodejs\\books\\api\\controllers\\author.js":{"path":"C:\\Users\\zlebriq\\Documents\\nodejs\\books\\api\\controllers\\author.js","statementMap":{"0":{"start":{"line":3,"column":29},"end":{"line":3,"column":84}},"1":{"start":{"line":5,"column":0},"end":{"line":7,"column":3}},"2":{"start":{"line":8,"column":0},"end":{"line":8,"column":28}},"3":{"start":{"line":10,"column":19},"end":{"line":10,"column":80}},"4":{"start":{"line":12,"column":25},"end":{"line":12,"column":99}},"5":{"start":{"line":14,"column":23},"end":{"line":14,"column":95}},"6":{"start":{"line":16,"column":20},"end":{"line":16,"column":89}},"7":{"start":{"line":18,"column":14},"end":{"line":18,"column":67}},"8":{"start":{"line":20,"column":28},"end":{"line":235,"column":3}},"9":{"start":{"line":22,"column":4},"end":{"line":22,"column":53}},"10":{"start":{"line":25,"column":2},"end":{"line":233,"column":6}},"11":{"start":{"line":28,"column":21},"end":{"line":55,"column":9}},"12":{"start":{"line":30,"column":8},"end":{"line":54,"column":36}},"13":{"start":{"line":31,"column":10},"end":{"line":53,"column":11}},"14":{"start":{"line":32,"column":12},"end":{"line":52,"column":13}},"15":{"start":{"line":34,"column":16},"end":{"line":34,"column":34}},"16":{"start":{"line":35,"column":16},"end":{"line":35,"column":34}},"17":{"start":{"line":36,"column":16},"end":{"line":36,"column":52}},"18":{"start":{"line":39,"column":16},"end":{"line":39,"column":43}},"19":{"start":{"line":40,"column":16},"end":{"line":40,"column":49}},"20":{"start":{"line":41,"column":16},"end":{"line":41,"column":35}},"21":{"start":{"line":42,"column":16},"end":{"line":42,"column":22}},"22":{"start":{"line":45,"column":16},"end":{"line":45,"column":34}},"23":{"start":{"line":46,"column":16},"end":{"line":46,"column":51}},"24":{"start":{"line":47,"column":16},"end":{"line":47,"column":38}},"25":{"start":{"line":51,"column":16},"end":{"line":51,"column":39}},"26":{"start":{"line":58,"column":8},"end":{"line":58,"column":47}},"27":{"start":{"line":61,"column":6},"end":{"line":61,"column":21}},"28":{"start":{"line":66,"column":24},"end":{"line":96,"column":9}},"29":{"start":{"line":68,"column":8},"end":{"line":95,"column":37}},"30":{"start":{"line":69,"column":10},"end":{"line":94,"column":11}},"31":{"start":{"line":70,"column":12},"end":{"line":93,"column":13}},"32":{"start":{"line":72,"column":16},"end":{"line":72,"column":35}},"33":{"start":{"line":73,"column":16},"end":{"line":73,"column":34}},"34":{"start":{"line":74,"column":16},"end":{"line":74,"column":35}},"35":{"start":{"line":75,"column":16},"end":{"line":75,"column":57}},"36":{"start":{"line":78,"column":16},"end":{"line":78,"column":40}},"37":{"start":{"line":79,"column":16},"end":{"line":79,"column":45}},"38":{"start":{"line":80,"column":16},"end":{"line":80,"column":36}},"39":{"start":{"line":81,"column":16},"end":{"line":81,"column":22}},"40":{"start":{"line":84,"column":16},"end":{"line":84,"column":35}},"41":{"start":{"line":85,"column":16},"end":{"line":85,"column":53}},"42":{"start":{"line":86,"column":16},"end":{"line":88,"column":19}},"43":{"start":{"line":92,"column":16},"end":{"line":92,"column":40}},"44":{"start":{"line":99,"column":8},"end":{"line":99,"column":50}},"45":{"start":{"line":102,"column":6},"end":{"line":102,"column":24}},"46":{"start":{"line":107,"column":23},"end":{"line":139,"column":9}},"47":{"start":{"line":109,"column":8},"end":{"line":138,"column":37}},"48":{"start":{"line":110,"column":10},"end":{"line":137,"column":11}},"49":{"start":{"line":111,"column":12},"end":{"line":136,"column":13}},"50":{"start":{"line":113,"column":16},"end":{"line":113,"column":35}},"51":{"start":{"line":114,"column":16},"end":{"line":114,"column":48}},"52":{"start":{"line":115,"column":16},"end":{"line":115,"column":46}},"53":{"start":{"line":116,"column":16},"end":{"line":116,"column":35}},"54":{"start":{"line":117,"column":16},"end":{"line":117,"column":73}},"55":{"start":{"line":120,"column":16},"end":{"line":122,"column":19}},"56":{"start":{"line":123,"column":16},"end":{"line":123,"column":36}},"57":{"start":{"line":124,"column":16},"end":{"line":124,"column":22}},"58":{"start":{"line":127,"column":16},"end":{"line":127,"column":35}},"59":{"start":{"line":128,"column":16},"end":{"line":128,"column":53}},"60":{"start":{"line":129,"column":16},"end":{"line":131,"column":19}},"61":{"start":{"line":135,"column":16},"end":{"line":135,"column":40}},"62":{"start":{"line":142,"column":8},"end":{"line":142,"column":49}},"63":{"start":{"line":145,"column":6},"end":{"line":145,"column":23}},"64":{"start":{"line":150,"column":26},"end":{"line":185,"column":9}},"65":{"start":{"line":152,"column":8},"end":{"line":184,"column":38}},"66":{"start":{"line":153,"column":10},"end":{"line":183,"column":11}},"67":{"start":{"line":154,"column":12},"end":{"line":182,"column":13}},"68":{"start":{"line":156,"column":16},"end":{"line":156,"column":45}},"69":{"start":{"line":157,"column":16},"end":{"line":157,"column":35}},"70":{"start":{"line":158,"column":16},"end":{"line":158,"column":34}},"71":{"start":{"line":159,"column":16},"end":{"line":159,"column":32}},"72":{"start":{"line":160,"column":16},"end":{"line":160,"column":32}},"73":{"start":{"line":161,"column":16},"end":{"line":161,"column":34}},"74":{"start":{"line":162,"column":16},"end":{"line":162,"column":35}},"75":{"start":{"line":163,"column":16},"end":{"line":163,"column":65}},"76":{"start":{"line":166,"column":16},"end":{"line":168,"column":19}},"77":{"start":{"line":169,"column":16},"end":{"line":169,"column":36}},"78":{"start":{"line":170,"column":16},"end":{"line":170,"column":22}},"79":{"start":{"line":173,"column":16},"end":{"line":173,"column":36}},"80":{"start":{"line":174,"column":16},"end":{"line":174,"column":53}},"81":{"start":{"line":175,"column":16},"end":{"line":177,"column":19}},"82":{"start":{"line":181,"column":16},"end":{"line":181,"column":40}},"83":{"start":{"line":188,"column":8},"end":{"line":188,"column":52}},"84":{"start":{"line":191,"column":6},"end":{"line":191,"column":26}},"85":{"start":{"line":196,"column":26},"end":{"line":225,"column":9}},"86":{"start":{"line":198,"column":8},"end":{"line":224,"column":37}},"87":{"start":{"line":199,"column":10},"end":{"line":223,"column":11}},"88":{"start":{"line":200,"column":12},"end":{"line":222,"column":13}},"89":{"start":{"line":202,"column":16},"end":{"line":202,"column":35}},"90":{"start":{"line":203,"column":16},"end":{"line":203,"column":34}},"91":{"start":{"line":204,"column":16},"end":{"line":204,"column":35}},"92":{"start":{"line":205,"column":16},"end":{"line":205,"column":59}},"93":{"start":{"line":208,"column":16},"end":{"line":210,"column":19}},"94":{"start":{"line":211,"column":16},"end":{"line":211,"column":36}},"95":{"start":{"line":212,"column":16},"end":{"line":212,"column":22}},"96":{"start":{"line":215,"column":16},"end":{"line":215,"column":35}},"97":{"start":{"line":216,"column":16},"end":{"line":216,"column":53}},"98":{"start":{"line":217,"column":16},"end":{"line":217,"column":39}},"99":{"start":{"line":221,"column":16},"end":{"line":221,"column":40}},"100":{"start":{"line":228,"column":8},"end":{"line":228,"column":52}},"101":{"start":{"line":231,"column":6},"end":{"line":231,"column":26}},"102":{"start":{"line":234,"column":2},"end":{"line":234,"column":18}},"103":{"start":{"line":237,"column":0},"end":{"line":237,"column":30}}},"fnMap":{"0":{"name":"(anonymous_0)","decl":{"start":{"line":20,"column":28},"end":{"line":20,"column":29}},"loc":{"start":{"line":20,"column":40},"end":{"line":235,"column":1}},"line":20},"1":{"name":"_default","decl":{"start":{"line":21,"column":11},"end":{"line":21,"column":19}},"loc":{"start":{"line":21,"column":22},"end":{"line":23,"column":3}},"line":21},"2":{"name":"(anonymous_2)","decl":{"start":{"line":27,"column":11},"end":{"line":27,"column":12}},"loc":{"start":{"line":27,"column":23},"end":{"line":62,"column":5}},"line":27},"3":{"name":"_callee","decl":{"start":{"line":28,"column":108},"end":{"line":28,"column":115}},"loc":{"start":{"line":28,"column":124},"end":{"line":55,"column":7}},"line":28},"4":{"name":"_callee$","decl":{"start":{"line":30,"column":53},"end":{"line":30,"column":61}},"loc":{"start":{"line":30,"column":72},"end":{"line":54,"column":9}},"line":30},"5":{"name":"authors","decl":{"start":{"line":57,"column":15},"end":{"line":57,"column":22}},"loc":{"start":{"line":57,"column":32},"end":{"line":59,"column":7}},"line":57},"6":{"name":"(anonymous_6)","decl":{"start":{"line":65,"column":11},"end":{"line":65,"column":12}},"loc":{"start":{"line":65,"column":23},"end":{"line":103,"column":5}},"line":65},"7":{"name":"_callee2","decl":{"start":{"line":66,"column":111},"end":{"line":66,"column":119}},"loc":{"start":{"line":66,"column":130},"end":{"line":96,"column":7}},"line":66},"8":{"name":"_callee2$","decl":{"start":{"line":68,"column":53},"end":{"line":68,"column":62}},"loc":{"start":{"line":68,"column":74},"end":{"line":95,"column":9}},"line":68},"9":{"name":"authorById","decl":{"start":{"line":98,"column":15},"end":{"line":98,"column":25}},"loc":{"start":{"line":98,"column":36},"end":{"line":100,"column":7}},"line":98},"10":{"name":"(anonymous_10)","decl":{"start":{"line":106,"column":11},"end":{"line":106,"column":12}},"loc":{"start":{"line":106,"column":23},"end":{"line":146,"column":5}},"line":106},"11":{"name":"_callee3","decl":{"start":{"line":107,"column":110},"end":{"line":107,"column":118}},"loc":{"start":{"line":107,"column":129},"end":{"line":139,"column":7}},"line":107},"12":{"name":"_callee3$","decl":{"start":{"line":109,"column":53},"end":{"line":109,"column":62}},"loc":{"start":{"line":109,"column":74},"end":{"line":138,"column":9}},"line":109},"13":{"name":"addAuthor","decl":{"start":{"line":141,"column":15},"end":{"line":141,"column":24}},"loc":{"start":{"line":141,"column":35},"end":{"line":143,"column":7}},"line":141},"14":{"name":"(anonymous_14)","decl":{"start":{"line":149,"column":11},"end":{"line":149,"column":12}},"loc":{"start":{"line":149,"column":23},"end":{"line":192,"column":5}},"line":149},"15":{"name":"_callee4","decl":{"start":{"line":150,"column":113},"end":{"line":150,"column":121}},"loc":{"start":{"line":150,"column":132},"end":{"line":185,"column":7}},"line":150},"16":{"name":"_callee4$","decl":{"start":{"line":152,"column":53},"end":{"line":152,"column":62}},"loc":{"start":{"line":152,"column":74},"end":{"line":184,"column":9}},"line":152},"17":{"name":"updateAuthor","decl":{"start":{"line":187,"column":15},"end":{"line":187,"column":27}},"loc":{"start":{"line":187,"column":38},"end":{"line":189,"column":7}},"line":187},"18":{"name":"(anonymous_18)","decl":{"start":{"line":195,"column":11},"end":{"line":195,"column":12}},"loc":{"start":{"line":195,"column":23},"end":{"line":232,"column":5}},"line":195},"19":{"name":"_callee5","decl":{"start":{"line":196,"column":113},"end":{"line":196,"column":121}},"loc":{"start":{"line":196,"column":132},"end":{"line":225,"column":7}},"line":196},"20":{"name":"_callee5$","decl":{"start":{"line":198,"column":53},"end":{"line":198,"column":62}},"loc":{"start":{"line":198,"column":74},"end":{"line":224,"column":9}},"line":198},"21":{"name":"deleteAuthor","decl":{"start":{"line":227,"column":15},"end":{"line":227,"column":27}},"loc":{"start":{"line":227,"column":39},"end":{"line":229,"column":7}},"line":227}},"branchMap":{"0":{"loc":{"start":{"line":32,"column":12},"end":{"line":52,"column":13}},"type":"switch","locations":[{"start":{"line":33,"column":14},"end":{"line":36,"column":52}},{"start":{"line":38,"column":14},"end":{"line":42,"column":22}},{"start":{"line":44,"column":14},"end":{"line":47,"column":38}},{"start":{"line":49,"column":14},"end":{"line":49,"column":22}},{"start":{"line":50,"column":14},"end":{"line":51,"column":39}}],"line":32},"1":{"loc":{"start":{"line":70,"column":12},"end":{"line":93,"column":13}},"type":"switch","locations":[{"start":{"line":71,"column":14},"end":{"line":75,"column":57}},{"start":{"line":77,"column":14},"end":{"line":81,"column":22}},{"start":{"line":83,"column":14},"end":{"line":88,"column":19}},{"start":{"line":90,"column":14},"end":{"line":90,"column":22}},{"start":{"line":91,"column":14},"end":{"line":92,"column":40}}],"line":70},"2":{"loc":{"start":{"line":111,"column":12},"end":{"line":136,"column":13}},"type":"switch","locations":[{"start":{"line":112,"column":14},"end":{"line":117,"column":73}},{"start":{"line":119,"column":14},"end":{"line":124,"column":22}},{"start":{"line":126,"column":14},"end":{"line":131,"column":19}},{"start":{"line":133,"column":14},"end":{"line":133,"column":22}},{"start":{"line":134,"column":14},"end":{"line":135,"column":40}}],"line":111},"3":{"loc":{"start":{"line":154,"column":12},"end":{"line":182,"column":13}},"type":"switch","locations":[{"start":{"line":155,"column":14},"end":{"line":163,"column":65}},{"start":{"line":165,"column":14},"end":{"line":170,"column":22}},{"start":{"line":172,"column":14},"end":{"line":177,"column":19}},{"start":{"line":179,"column":14},"end":{"line":179,"column":22}},{"start":{"line":180,"column":14},"end":{"line":181,"column":40}}],"line":154},"4":{"loc":{"start":{"line":200,"column":12},"end":{"line":222,"column":13}},"type":"switch","locations":[{"start":{"line":201,"column":14},"end":{"line":205,"column":59}},{"start":{"line":207,"column":14},"end":{"line":212,"column":22}},{"start":{"line":214,"column":14},"end":{"line":217,"column":39}},{"start":{"line":219,"column":14},"end":{"line":219,"column":22}},{"start":{"line":220,"column":14},"end":{"line":221,"column":40}}],"line":200}},"s":{"0":1,"1":1,"2":1,"3":1,"4":1,"5":1,"6":1,"7":1,"8":1,"9":0,"10":1,"11":1,"12":0,"13":0,"14":0,"15":0,"16":0,"17":0,"18":0,"19":0,"20":0,"21":0,"22":0,"23":0,"24":0,"25":0,"26":0,"27":1,"28":1,"29":0,"30":0,"31":0,"32":0,"33":0,"34":0,"35":0,"36":0,"37":0,"38":0,"39":0,"40":0,"41":0,"42":0,"43":0,"44":0,"45":1,"46":1,"47":0,"48":0,"49":0,"50":0,"51":0,"52":0,"53":0,"54":0,"55":0,"56":0,"57":0,"58":0,"59":0,"60":0,"61":0,"62":0,"63":1,"64":1,"65":0,"66":0,"67":0,"68":0,"69":0,"70":0,"71":0,"72":0,"73":0,"74":0,"75":0,"76":0,"77":0,"78":0,"79":0,"80":0,"81":0,"82":0,"83":0,"84":1,"85":1,"86":0,"87":0,"88":0,"89":0,"90":0,"91":0,"92":0,"93":0,"94":0,"95":0,"96":0,"97":0,"98":0,"99":0,"100":0,"101":1,"102":1,"103":1},"f":{"0":1,"1":0,"2":1,"3":0,"4":0,"5":0,"6":1,"7":0,"8":0,"9":0,"10":1,"11":0,"12":0,"13":0,"14":1,"15":0,"16":0,"17":0,"18":1,"19":0,"20":0,"21":0},"b":{"0":[0,0,0,0,0],"1":[0,0,0,0,0],"2":[0,0,0,0,0],"3":[0,0,0,0,0],"4":[0,0,0,0,0]},"inputSourceMap":{"version":3,"sources":["author.js"],"names":["_","res","authorService","authors","allAuthors","status","json","req","id","query","authorById","author","send","message","firstName","lastName","addAuthor","console","log","body","updateAuthor","deleteAuthor"],"mappings":";;;;;;;;;;;;;;;;;AAAA;;;;;;;;;;oHAGyBA,C,EAAGC,G;;;;;;;;uBAESC,mBAAcC,OAAd,E;;;AAAnBC,gBAAAA,U;AACNH,gBAAAA,GAAG,CAACI,MAAJ,CAAW,GAAX,EAAgBC,IAAhB,CAAqBF,UAArB;;;;;;;AAEAH,gBAAAA,GAAG,CAACK,IAAJ;;;;;;;;;;;;;;;;;;;wHAIgBC,G,EAAKN,G;;;;;;;AAEfO,gBAAAA,E,GAAKD,GAAG,CAACE,KAAJ,CAAUD,E;;uBACAN,mBAAcQ,UAAd,CAAyBF,EAAzB,C;;;AAAfG,gBAAAA,M;AACNV,gBAAAA,GAAG,CAACI,MAAJ,CAAW,GAAX,EAAgBC,IAAhB,CAAqBK,MAArB;;;;;;;AAEAV,gBAAAA,GAAG,CAACI,MAAJ,CAAW,GAAX,EAAgBO,IAAhB,CACI;AACIC,kBAAAA,OAAO,EAAE,aAAMA;AADnB,iBADJ;;;;;;;;;;;;;;;;;;;uHAQeN,G,EAAKN,G;;;;;;;AAEda,gBAAAA,S,GAAYP,GAAG,CAACE,KAAJ,CAAUK,S;AACtBC,gBAAAA,Q,GAAWR,GAAG,CAACE,KAAJ,CAAUM,Q;;uBACrBb,mBAAcc,SAAd,CAAwBF,SAAxB,EAAmCC,QAAnC,C;;;AACNd,gBAAAA,GAAG,CAACI,MAAJ,CAAW,GAAX,EAAgBO,IAAhB,CAAqB;AACjBC,kBAAAA,OAAO,EAAE;AADQ,iBAArB;;;;;;;AAIAZ,gBAAAA,GAAG,CAACI,MAAJ,CAAW,GAAX,EAAgBO,IAAhB,CACI;AACIC,kBAAAA,OAAO,EAAE,aAAMA;AADnB,iBADJ;;;;;;;;;;;;;;;;;;;0HAQkBN,G,EAAKN,G;;;;;;AAC3BgB,gBAAAA,OAAO,CAACC,GAAR,CAAY,eAAZ;;AAEUV,gBAAAA,E,GAAKD,GAAG,CAACE,KAAJ,CAAUD,E;AACfW,gBAAAA,I,GAAOZ,GAAG,CAACY,I;AACjBF,gBAAAA,OAAO,CAACC,GAAR,CAAYV,EAAZ;AACAS,gBAAAA,OAAO,CAACC,GAAR,CAAYC,IAAZ;;uBACMjB,mBAAckB,YAAd,CAA2BZ,EAA3B,EAA+BW,IAA/B,C;;;AACNlB,gBAAAA,GAAG,CAACI,MAAJ,CAAW,GAAX,EAAgBO,IAAhB,CAAqB;AACjBC,kBAAAA,OAAO,EAAE;AADQ,iBAArB;;;;;;;AAIAZ,gBAAAA,GAAG,CAACI,MAAJ,CAAW,GAAX,EAAgBO,IAAhB,CACI;AACIC,kBAAAA,OAAO,EAAE,aAAMA;AADnB,iBADJ;;;;;;;;;;;;;;;;;;;0HAQkBN,G,EAAKN,G;;;;;;;AAEjBO,gBAAAA,E,GAAKD,GAAG,CAACE,KAAJ,CAAUD,E;;uBACfN,mBAAcmB,YAAd,CAA2Bb,EAA3B,C;;;AACNP,gBAAAA,GAAG,CAACI,MAAJ,CAAW,KAAX,EAAkBO,IAAlB,CAAuB;AACnBC,kBAAAA,OAAO,EAAE;AADU,iBAAvB;;;;;;;AAIAZ,gBAAAA,GAAG,CAACI,MAAJ,CAAW,GAAX,EAAgBO,IAAhB","sourceRoot":"C:\\Users\\zlebriq\\Documents\\nodejs\\books\\api\\controllers\\","sourcesContent":["import authorService from \"../services/author\"\r\n\r\nexport default class {\r\n    static async authors(_, res) {\r\n        try {\r\n            const allAuthors = await authorService.authors()\r\n            res.status(200).json(allAuthors)\r\n        } catch (error) {\r\n            res.json(error)\r\n        }\r\n    }\r\n\r\n    static async authorById(req, res) {\r\n        try {\r\n            const id = req.query.id\r\n            const author = await authorService.authorById(id)\r\n            res.status(200).json(author)\r\n        } catch (error) {\r\n            res.status(404).send(\r\n                {\r\n                    message: error.message\r\n                }\r\n            )\r\n        }\r\n    }\r\n\r\n    static async addAuthor(req, res) {\r\n        try {\r\n            const firstName = req.query.firstName\r\n            const lastName = req.query.lastName\r\n            await authorService.addAuthor(firstName, lastName)\r\n            res.status(201).send({\r\n                message: \"author has been added successfully\"\r\n            })\r\n        } catch (error) {\r\n            res.status(404).send(\r\n                {\r\n                    message: error.message\r\n                }\r\n            )\r\n        }\r\n    }\r\n\r\n    static async updateAuthor(req, res) {\r\n        console.log(\"update author\")\r\n        try {\r\n            const id = req.query.id\r\n            const body = req.body\r\n            console.log(id)\r\n            console.log(body)\r\n            await authorService.updateAuthor(id, body)\r\n            res.status(201).send({\r\n                message: \"author information has been updated successfully\"\r\n            })\r\n        } catch (error) {\r\n            res.status(404).send(\r\n                {\r\n                    message: error.message\r\n                }\r\n            )\r\n        }\r\n    }\r\n\r\n    static async deleteAuthor(req, res) {\r\n        try {\r\n            const id = req.query.id\r\n            await authorService.deleteAuthor(id)\r\n            res.status(\"204\").send({\r\n                message: \"author has been removed successfully\"\r\n            })\r\n        } catch (error) {\r\n            res.status(404).send()\r\n        }\r\n    }\r\n\r\n\r\n}"]},"_coverageSchema":"1a1c01bbd47fc00a2c39e90264f33305004495a9","hash":"7796dcdd5cd4508c5851aa6eaedca7630fd857aa","contentHash":"b74a249036eedd3529feda82c5aee1c854458f1375d39ed7f002ec0fa1ac6999"}}